<?xml version="1.0" encoding="utf-8"?>

<!--
  ~ National Training and Education Resource (NTER)
  ~ Copyright (C) 2011  SRI International
  ~
  ~ This program is free software; you can redistribute it and/or modify
  ~ it under the terms of the GNU General Public License as published by
  ~ the Free Software Foundation; either version 2 of the License, or (at
  ~ your option) any later version.
  ~
  ~ This program is distributed in the hope that it will be useful, but
  ~ WITHOUT ANY WARRANTY; without even the implied warranty of
  ~ MERCHANTABILITY or FITNESS FOR A PARTICULAR PURPOSE.  See the GNU
  ~ General Public License for more details.
  ~
  ~ You should have received a copy of the GNU General Public License
  ~ along with this program; if not, write to the Free Software
  ~ Foundation, Inc., 51 Franklin Street, Fifth Floor, Boston, MA
  ~ 02110-1301, USA.
  -->
  
<feed xmlns="http://www.w3.org/2005/Atom"
      xmlns:nter="http://nterlearning.org/xml/feeds/atom-extensions-schema_0.6.2.xsd">

    <!-- NOTE: this feed depends on the target courses and links mentioned in it 
               being available in the database.  To enter these in the database,
               parse the test-course-atom-feed-test-student available in the same directory as this file. -->

    <!-- NOTE:  3 students:  test@nter.com, nterdemo1@sri.com, nterdemo2@sri.com -->
    <!-- Due to issues with Users_ account creation, changed nterdemo1 and nterdemo2 to be NTER team members -->
    
    <title>Student Records Feed</title>
    <link rel="self" href="test-0.6.2-student-records-atom-feed-test-student.xml" type="application/atom+xml"/>
    <author>
        <uri>nwtp.gov</uri>
    </author>
    <updated>2010-11-01T18:52:00Z</updated>
    <id>tag:nwtp.gov,2010-08-24:/feeds/TESTs01b-ab89-11d9-b93C-0003939e0af6</id>

    <!-- test@nter.com student -->
    <!-- Record for a course -->
    <entry nter:entryType="course-record">
        <title/>
        <id>tag:nwtp.gov,2010-10-04:/records/TESTcr15-C34C-4A99-C38A-C97D87AF8AA2</id>
        <updated>2010-11-01T13:30:02Z</updated>
        <content/>
        <nter:courseRecord
                nter:studentUserId="test@nter.com"
                nter:courseId="tag:nwtp.gov,2010-01-01:/courses/TEST0015-cfb8-4ebb-aaaa-80da344efa6a"
                nter:progress="In Progress"
                >
            <nter:componentRecord
                    nter:componentId="tag:nwtp.gov,2010-01-01:/link/to/test-component15/en-US"
                    nter:completionPercent="10"
                    nter:progress="In Progress"
                    nter:progressDate="2010-11-01T13:30:02Z"
                    />
        </nter:courseRecord>
    </entry>

    <!-- Record for a course -->
    <entry nter:entryType="course-record">
        <title/>
        <id>tag:nwtp.gov,2010-10-04:/records/TESTcr16-C34C-4A99-C38A-C97D87AF8AA2</id>
        <updated>2010-11-01T13:30:02Z</updated>
        <content/>
        <nter:courseRecord
                nter:studentUserId="test@nter.com"
                nter:courseId="tag:nwtp.gov,2010-01-02:/courses/TEST0016-cfb8-4ebb-aaaa-80da344efa6a"
                nter:progress="In Progress"
                >
            <nter:componentRecord
                    nter:componentId="tag:nwtp.gov,2010-01-01:/link/to/test-component16/en-US"
                    nter:completionPercent="20"
                    nter:progress="In Progress"
                    nter:progressDate="2010-11-01T13:30:02Z"
                    />
        </nter:courseRecord>
    </entry>
    
    <!-- Record for a course -->
    <entry nter:entryType="course-record">
        <title/>
        <id>tag:nwtp.gov,2010-10-04:/records/TESTcr17-C34C-4A99-C38A-C97D87AF8AA2</id>
        <updated>2010-11-01T13:30:02Z</updated>
        <content/>
        <nter:courseRecord
                nter:studentUserId="test@nter.com"
                nter:courseId="tag:nwtp.gov,2010-01-03:/courses/TEST0017-cfb8-4ebb-aaaa-80da344efa6a"
                nter:progress="In Progress"
                nter:assigned="true"
                >
            <nter:componentRecord
                    nter:componentId="tag:nwtp.gov,2010-01-01:/link/to/test-component17/en-US"
                    nter:completionPercent="30"
                    nter:progress="In Progress"
                    nter:progressDate="2010-11-01T13:30:02Z"
                    />
        </nter:courseRecord>
    </entry>
    
    <!-- Record for a course -->
    <entry nter:entryType="course-record">
        <title/>
        <id>tag:nwtp.gov,2010-10-04:/records/TESTcr18-C34C-4A99-C38A-C97D87AF8AA2</id>
        <updated>2010-11-01T13:30:02Z</updated>
        <content/>
        <nter:courseRecord
                nter:studentUserId="test@nter.com"
                nter:courseId="tag:nwtp.gov,2010-01-04:/courses/TEST0018-cfb8-4ebb-aaaa-80da344efa6a"
                nter:progress="In Progress"
                nter:assigned="true"
                >
            <nter:componentRecord
                    nter:componentId="tag:nwtp.gov,2010-01-01:/link/to/test-component18/en-US"
                    nter:completionPercent="40"
                    nter:progress="In Progress"
                    nter:progressDate="2010-11-01T13:30:02Z"
                    />
        </nter:courseRecord>
    </entry>

    
    <!-- Record for a course -->
    <entry nter:entryType="course-record">
        <title/>
        <id>tag:nwtp.gov,2010-10-04:/records/TESTcr19-C34C-4A99-C38A-C97D87AF8AA2</id>
        <updated>2010-11-01T13:30:02Z</updated>
        <content/>
        <nter:courseRecord
                nter:studentUserId="test@nter.com"
                nter:courseId="tag:nwtp.gov,2010-02-01:/courses/TEST0019-cfb8-4ebb-aaaa-80da344efa6a"
                nter:progress="In Progress"
                nter:assigned="false"
                >
            <nter:componentRecord
                    nter:componentId="tag:nwtp.gov,2010-02-01:/link/to/test-component19/en-US"
                    nter:completionPercent="50"
                    nter:progress="In Progress"
                    nter:progressDate="2010-11-01T13:30:02Z"
                    />
        </nter:courseRecord>
    </entry>

    <!-- Record for a course -->
    <entry nter:entryType="course-record">
        <title/>
        <id>tag:nwtp.gov,2010-10-04:/records/TESTcr20-C34C-4A99-C38A-C97D87AF8AA2</id>
        <updated>2010-11-01T13:30:02Z</updated>
        <content/>
        <nter:courseRecord
                nter:studentUserId="test@nter.com"
                nter:courseId="tag:nwtp.gov,2010-03-01:/courses/TEST0020-cfb8-4ebb-aaaa-80da344efa6a"
                nter:progress="Completed"
                nter:assigned="false"
                >
            <nter:componentRecord
                    nter:componentId="tag:nwtp.gov,2010-03-01:/link/to/test-component20/en-US"
                    nter:completionPercent="100"
                    nter:progress="Completed"
                    nter:progressDate="2010-11-01T13:30:02Z"
                    />
        </nter:courseRecord>
    </entry>
    
    <!-- Record for a course -->
    <entry nter:entryType="course-record">
        <title/>
        <id>tag:nwtp.gov,2010-10-04:/records/TESTcr22-C34C-4A99-C38A-C97D87AF8AA2</id>
        <updated>2010-11-01T13:30:02Z</updated>
        <content/>
        <nter:courseRecord
                nter:studentUserId="test@nter.com"
                nter:courseId="tag:nwtp.gov,2010-05-01:/courses/TEST0022-cfb8-4ebb-aaaa-80da344efa6a"
                nter:progress="In Progress"
                nter:assigned="false"
                >
            <nter:componentRecord
                    nter:componentId="tag:nwtp.gov,2010-05-01:/link/to/test-component22/en-US"
                    nter:completionPercent="5"
                    nter:progress="In Progress"
                    nter:progressDate="2010-11-01T13:30:02Z"
                    />
        </nter:courseRecord>
    </entry>

     <!-- intentionally do not assign component to course 23 for test purposes   -->
        <!-- Record for a course -->
    <entry nter:entryType="course-record">
        <title/>
        <id>tag:nwtp.gov,2010-10-04:/records/TESTcr23-C34C-4A99-C38A-C97D87AF8AA2</id>
        <updated>2010-11-01T13:30:02Z</updated>
        <content/>
        <nter:courseRecord
            nter:studentUserId="test@nter.com"
            nter:courseId="tag:nwtp.gov,2010-06-01:/courses/TEST0023-cfb8-4ebb-aaaa-80da344efa6a"
            nter:progress="In Progress"
            nter:assigned="false"
        />
    </entry>

    <!-- nterdemo2@sri.com student -->
    <!-- Record for a course -->
    <entry nter:entryType="course-record">
        <title/>
        <id>tag:nwtp.gov,2010-10-04:/records/TESTcr15-demo-one1-C38A-C97D87AF8AA2</id>
        <updated>2010-11-01T13:30:02Z</updated>
        <content/>
        <nter:courseRecord
                nter:studentUserId="nterdemo2@nter.com"
                nter:courseId="tag:nwtp.gov,2010-01-01:/courses/TEST0015-cfb8-4ebb-aaaa-80da344efa6a"
                nter:progress="In Progress"
                nter:assigned="false"
                >
            <nter:componentRecord
                    nter:componentId="tag:nwtp.gov,2010-01-01:/link/to/test-component15/en-US"
                    nter:completionPercent="11"
                    nter:progress="In Progress"
                    nter:progressDate="2010-11-01T13:30:02Z"
                    />
        </nter:courseRecord>
    </entry>

    <!-- Record for a course -->
    <entry nter:entryType="course-record">
        <title/>
        <id>tag:nwtp.gov,2010-10-04:/records/TESTcr16-demo-one3-C38A-C97D87AF8AA2</id>
        <updated>2010-11-01T13:30:02Z</updated>
        <content/>
        <nter:courseRecord
                nter:studentUserId="nterdemo2@nter.com"
                nter:courseId="tag:nwtp.gov,2010-01-02:/courses/TEST0016-cfb8-4ebb-aaaa-80da344efa6a"
                nter:progress="In Progress"
                nter:assigned="false"
                >
            <nter:componentRecord
                    nter:componentId="tag:nwtp.gov,2010-01-01:/link/to/test-component16/en-US"
                    nter:completionPercent="21"
                    nter:progress="In Progress"
                    nter:progressDate="2010-11-01T13:30:02Z"
                    />
        </nter:courseRecord>
    </entry>

    <!-- Record for a course -->
    <entry nter:entryType="course-record">
        <title/>
        <id>tag:nwtp.gov,2010-10-04:/records/TESTcr17-demo-one5-C38A-C97D87AF8AA2</id>
        <updated>2010-11-01T13:30:02Z</updated>
        <content/>
        <nter:courseRecord
                nter:studentUserId="nterdemo2@nter.com"
                nter:courseId="tag:nwtp.gov,2010-01-03:/courses/TEST0017-cfb8-4ebb-aaaa-80da344efa6a"
                nter:progress="In Progress"
                nter:assigned="false"
                >
            <nter:componentRecord
                    nter:componentId="tag:nwtp.gov,2010-01-01:/link/to/test-component17/en-US"
                    nter:completionPercent="31"
                    nter:progress="In Progress"
                    nter:progressDate="2010-11-01T13:30:02Z"
                    />
        </nter:courseRecord>
    </entry>

    <!-- Record for a course -->
    <entry nter:entryType="course-record">
        <title/>
        <id>tag:nwtp.gov,2010-10-04:/records/TESTcr18-demo-one7-C38A-C97D87AF8AA2</id>
        <updated>2010-11-01T13:30:02Z</updated>
        <content/>
        <nter:courseRecord
                nter:studentUserId="nterdemo2@nter.com"
                nter:courseId="tag:nwtp.gov,2010-01-04:/courses/TEST0018-cfb8-4ebb-aaaa-80da344efa6a"
                nter:progress="In Progress"
                nter:assigned="false"
                >
            <nter:componentRecord
                    nter:componentId="tag:nwtp.gov,2010-01-01:/link/to/test-component18/en-US"
                    nter:completionPercent="41"
                    nter:progress="In Progress"
                    nter:progressDate="2010-11-01T13:30:02Z"
                    />
        </nter:courseRecord>
    </entry>
    

    <!-- nterdemo1@sri.com student -->
    <!-- Record for a course -->
    <entry nter:entryType="course-record">
        <title/>
        <id>tag:nwtp.gov,2010-10-04:/records/TESTcr15-demo-two1-C38A-C97D87AF8AA2</id>
        <updated>2010-11-01T13:30:02Z</updated>
        <content/>
        <nter:courseRecord
            nter:studentUserId="nterdemo1@nter.com"
            nter:courseId="tag:nwtp.gov,2010-01-01:/courses/TEST0015-cfb8-4ebb-aaaa-80da344efa6a"
            nter:progress="In Progress"
            nter:assigned="false"
        />
    </entry>

    <!-- Record for a course -->
    <entry nter:entryType="course-record">
        <title/>
        <id>tag:nwtp.gov,2010-10-04:/records/TESTcr16-demo-two3-C38A-C97D87AF8AA2</id>
        <updated>2010-11-01T13:30:02Z</updated>
        <content/>
        <nter:courseRecord
            nter:studentUserId="nterdemo1@nter.com"
            nter:courseId="tag:nwtp.gov,2010-01-02:/courses/TEST0016-cfb8-4ebb-aaaa-80da344efa6a"
            nter:progress="In Progress"
            nter:assigned="false"
        />
    </entry>

    <!-- Record for a course -->
    <entry nter:entryType="course-record">
        <title/>
        <id>tag:nwtp.gov,2010-10-04:/records/TESTcr17-demo-two5-C38A-C97D87AF8AA2</id>
        <updated>2010-11-01T13:30:02Z</updated>
        <content/>
        <nter:courseRecord
            nter:studentUserId="nterdemo1@nter.com"
            nter:courseId="tag:nwtp.gov,2010-01-03:/courses/TEST0017-cfb8-4ebb-aaaa-80da344efa6a"
            nter:progress="In Progress"
            nter:assigned="false"
        />
    </entry>

    <!-- Record for a course -->
    <entry nter:entryType="course-record">
        <title/>
        <id>tag:nwtp.gov,2010-10-04:/records/TESTcr18-demo-two7-C38A-C97D87AF8AA2</id>
        <updated>2010-11-01T13:30:02Z</updated>
        <content/>
        <nter:courseRecord
            nter:studentUserId="nterdemo1@nter.com"
            nter:courseId="tag:nwtp.gov,2010-01-04:/courses/TEST0018-cfb8-4ebb-aaaa-80da344efa6a"
            nter:progress="In Progress"
            nter:assigned="false"
        />
    </entry>

     <!-- intentionally do not assign component to course 23 for test purposes   -->
        <!-- Record for a course -->
    <entry nter:entryType="course-record">
        <title/>
        <id>tag:nwtp.gov,2010-10-04:/records/TESTcr23-demo-two8-C38A-C97D87AF8AA2</id>
        <updated>2010-11-01T13:30:02Z</updated>
        <content/>
        <nter:courseRecord
            nter:studentUserId="nterdemo1@nter.com"
            nter:courseId="tag:nwtp.gov,2010-06-01:/courses/TEST0023-cfb8-4ebb-aaaa-80da344efa6a"
            nter:progress="In Progress"
            nter:assigned="false"
        />
    </entry>

</feed>
