<?xml version="1.0" encoding="utf-8"?>

<!--
  ~ National Training and Education Resource (NTER)
  ~ Copyright (C) 2011  SRI International
  ~
  ~ This program is free software; you can redistribute it and/or modify
  ~ it under the terms of the GNU General Public License as published by
  ~ the Free Software Foundation; either version 2 of the License, or (at
  ~ your option) any later version.
  ~
  ~ This program is distributed in the hope that it will be useful, but
  ~ WITHOUT ANY WARRANTY; without even the implied warranty of
  ~ MERCHANTABILITY or FITNESS FOR A PARTICULAR PURPOSE.  See the GNU
  ~ General Public License for more details.
  ~
  ~ You should have received a copy of the GNU General Public License
  ~ along with this program; if not, write to the Free Software
  ~ Foundation, Inc., 51 Franklin Street, Fifth Floor, Boston, MA
  ~ 02110-1301, USA.
  -->
  
<feed xmlns="http://www.w3.org/2005/Atom"
      xmlns:nter="http://nterlearning.org/xml/feeds/atom-extensions-schema_0.6.1.xsd">

    <!-- NOTE: this feed depends on the target courses and links mentioned in it 
               being available in the database.  To enter these in the database,
               parse the sample-course-atom-feed available in the same directory as this file. -->
    <title>Student Records Feed</title>
    <link rel="self" href="test-0.6.1-student-records-atom-feed-supersede.xml" type="application/atom+xml"/>
    <author>
        <uri>nwtp.gov</uri>
    </author>
    <updated>2011-02-021T18:52:00Z</updated>
    <id>tag:nwtp.gov,2011-02-02:/feeds/TEST00S1-sr01-11d9-b93C-0003939e0af6</id>

    <!-- Record for a course -->
    <entry nter:entryType="course-record">
        <title/>
        <id>tag:nwtp.gov,2011-02-02:/records/S0334211-C34C-4A99-C38A-C97D87AF8AA2</id>
        <updated>2011-02-02T13:30:02Z</updated>
        <content/>
        <nter:courseRecord 
            nter:studentUserId="test@nter.com"
            nter:courseId="tag:nwtp.gov,2010-01-01:/courses/TEST0115-cfb8-4ebb-aaaa-80da344efa6a"
            nter:progress="In Progress"
            nter:assigned="false"
        />
    </entry>


</feed>
