<?xml version="1.0" encoding="utf-8"?>

<!--
  ~ National Training and Education Resource (NTER)
  ~ Copyright (C) 2011  SRI International
  ~
  ~ This program is free software; you can redistribute it and/or modify
  ~ it under the terms of the GNU General Public License as published by
  ~ the Free Software Foundation; either version 2 of the License, or (at
  ~ your option) any later version.
  ~
  ~ This program is distributed in the hope that it will be useful, but
  ~ WITHOUT ANY WARRANTY; without even the implied warranty of
  ~ MERCHANTABILITY or FITNESS FOR A PARTICULAR PURPOSE.  See the GNU
  ~ General Public License for more details.
  ~
  ~ You should have received a copy of the GNU General Public License
  ~ along with this program; if not, write to the Free Software
  ~ Foundation, Inc., 51 Franklin Street, Fifth Floor, Boston, MA
  ~ 02110-1301, USA.
  -->
  
<!-- This atom feed is a test for feed parsers.  It is invalid for the following reasons:
    * the first course contains 3 titles but only 2 descriptions.  The number of titles and descriptions must be equal.
-->
<feed xmlns="http://www.w3.org/2005/Atom"
      xmlns:nter="http://nterlearning.org/xml/feeds/atom-extensions-schema_0.6.1.xsd">

    <title>Course Feed</title>
    <link rel="self" href="test-0.6.1-course-atom-feed-invalid.xml" type="application/atom+xml"/>
    <updated>2010-10-04T18:52:00Z</updated>
    <id>tag:nwtp.gov,2010-10-04:/feeds/INVALID0-TEST-11d9-b93C-0003939e0af6</id>

     <entry xml:lang="en-US" nter:entryType="course-component">
        <title>Course 18 with categories</title>
        <link href="https://nwtp.gov/course18-en.php"
              nter:displayWidth="334" nter:displayHeight="189"/>
        <id>tag:nwtp.gov,2010-12-04:/link/to/invalid-course18cat/en-US</id>
        <updated>2010-12-13T18:30:02Z</updated>
        <author>
            <name>Robby Bailey</name>
        </author>
        <summary>course eighteen</summary>
    </entry>
    <entry nter:entryType="course">
        <title>Pocket Frogs! (This title will be ignored by NTER in favor of the language specific course titles)
        </title>
        <link href="http://example.org/2003/12/13/atom03"/>
        <id>tag:nwtp.gov,2010-10-04:/courses/INVALID1-crs1-4ebb-aaaa-80da344efa6a</id>
        <updated>2003-12-13T18:30:02Z</updated>
        <author>
            <name>Robby Bailey</name>
            <nter:vcard>begin:vcard&#13;&#10;fn:Robby Bailey&#13;&#10;version:2.1&#13;&#10;end:vcard</nter:vcard>
        </author>
        <contributor>
            <name>Pam Griffith</name>
        </contributor>
        <contributor>
            <name>Paula Peters</name>
        </contributor>
        <contributor>
            <name>Gabriel Jiva</name>
            <nter:vcard>begin:vcard&#13;&#10;fn:Gabriel Jiva&#13;&#10;n:Jiva;Gabriel&#13;&#10;org:SRI;SWEP&#13;&#10;adr:;;450 8th Ave SE;St Petersburg;FL;33701;USA&#13;&#10;email;internet:gabriel.jiva@sri.com&#13;&#10;title:Software Engineer&#13;&#10;tel;work:727-553-3539&#13;&#10;url:http://www.sri.com&#13;&#10;version:2.1&#13;&#10;end:vcard</nter:vcard>
        </contributor>
        <summary>Some text that is currently not used by NTER.</summary>
        <nter:course>
            <nter:duration nter:durationStandard="ISO8601:2000">PT3H15M</nter:duration>

            <nter:title xml:lang="en-US">Supervising weatherization measures: Insulation</nter:title>

            <nter:transcriptAbstract xml:lang="en-US">This course covers single-family, multi-family, and mobile home insulation.</nter:transcriptAbstract>
            <nter:transcriptAbstract xml:lang="fr-FR">Ce cours couvre l'isolation unifamiliale, multifamiliale, et de caravane résidentielle.</nter:transcriptAbstract>

            <nter:description xml:lang="en-US">This course covers single-family, multi-family, and mobile home insulation.</nter:description>
            <nter:description xml:lang="fr-FR">Ce cours couvre l'isolation unifamiliale, multifamiliale, et de caravane résidentielle.</nter:description>
            <nter:description xml:lang="es-ES">Este curso cubre el aislamiento unifamiliar, multifamiliar, y de la caravana.</nter:description>

            <nter:copyright xml:lang="en-US">2010-2011 SRI International</nter:copyright>
            <nter:copyright xml:lang="fr-FR">International de 2010-2011 SRI</nter:copyright>
            <nter:copyright xml:lang="es-ES">International de 2010-2011 SRI</nter:copyright>

            <nter:rating xml:lang="en-US" nter:ratingLevel="E (Everyone)" nter:ratingReason="Contains no objectionable or material that could be found in appropriate." />

            <nter:componentRef 
                nter:componentId="tag:nwtp.gov,2010-12-04:/link/to/invalid-course18cat/en-US"
                nter:orderWeight="1.0" 
            />
        <nter:image nter:orderWeight="2.0"
                    xml:lang="en-US" 
                    nter:href="http://nwtp.gov/course18-2.png"
                    nter:alternateText="page two" 
                    nter:mimeType="image/png" 
            />
            <nter:image
                    xml:lang="en-US" 
                    nter:href="http://nwtp.gov/course18-2.png" 
                    nter:alternateText="page two" 
                    nter:mimeType="image/png" 
            />
            <nter:image nter:orderWeight="3.0"
                    xml:lang="en-US" 
                    nter:href="http://nwtp.gov/course18-3.png" 
                    nter:alternateText="page three" 
                    nter:mimeType="image/png" 
            />
            <nter:image
                    xml:lang="fr-FR" 
                    nter:href="http://nwtp.gov/course18-3-fr.png" 
                    nter:alternateText="page trois" 
                    nter:mimeType="image/png" 
            />

            <nter:keywords xml:lang="en-US">pocket frogs lily pads</nter:keywords>
            <nter:keywords xml:lang="fr-FR">poche grenouilles</nter:keywords>
            
            <nter:requirement nter:requirementType="browser" xml:lang="en-US">IE 6+</nter:requirement>
            <nter:requirement nter:requirementType="browser" xml:lang="en-US">Firefox 4.0 beta</nter:requirement>
            
        </nter:course>
    </entry>

    <entry xml:lang="en-US" nter:entryType="course-component">
        <title>Introduction to Weatherization</title>
        <link href="http://128.18.100.91/nwtp_nter/nter.php?client_id=nwtp_nter&amp;ref_id=80"
              nter:displayWidth="1100" nter:displayHeight="800"/>
        <id>tag:nwtp.gov,2010-12-22:/link/to/nwtp_nter/11223344/80invalid</id>
        <updated>2010-07-28T10:42:21Z</updated>
        <summary>Introduction to Weatherization</summary>
    </entry>

    <entry xml:lang="en-US" nter:entryType="course-component">
        <title>Communication Skills</title>
        <link href="http://128.18.100.91/nwtp_nter/nter.php?client_id=nwtp_nter&amp;ref_id=69"
              nter:displayWidth="1100" nter:displayHeight="800"/>
        <id>tag:nwtp.gov,2010-12-12:/link/to/nwtp_nter/11223344/69invalid</id>
        <updated>2010-09-14T12:33:54Z</updated>
        <summary>Communication Skills</summary>
    </entry>

    <entry nter:entryType="course">
        <link href="http://example.org/2003/12/13/atom03"/>
        <id>tag:nwtp.gov,2010-10-04:/courses/INVALID2-crs2-4A99-C38A-C97D87AF8AA2</id>
        <updated>2010-09-13T18:30:02Z</updated>
        <author>
            <name>Leigh Moulder</name>
        </author>
        <contributor>
            <name>Pam Griffith</name>
        </contributor>
        <summary xml:lang="en-US" >Installer fundamentals.</summary>
        <nter:course>
            <nter:duration nter:durationStandard="ISO8601:2000">P1M3DT4H20M</nter:duration>

            <nter:title xml:lang="en-US">More Installer Fundamentals</nter:title>
            <nter:title xml:lang="es-ES">Más Instalador de Fundamentos</nter:title>
            <nter:title xml:lang="fr-FR">Le fufu</nter:title>
            
            <nter:transcriptAbstract xml:lang="en-US">More Installer Fundamentals</nter:transcriptAbstract>
            <nter:transcriptAbstract xml:lang="es-ES">Más Instalador de Fundamentos</nter:transcriptAbstract>

            <nter:description xml:lang="en-US">More Installer Fundamentals</nter:description>

            <nter:copyright xml:lang="en-US">2010 SRI International</nter:copyright>
            <nter:copyright xml:lang="es-ES">International de 2010 SRI</nter:copyright>

            <nter:componentRef
                      nter:componentId="tag:nwtp.gov,2010-12-22:/link/to/nwtp_nter/11223344/80invalid"
                      nter:orderWeight="1.0"
            />
            <nter:componentRef
                      nter:componentId="tag:nwtp.gov,2010-12-12:/link/to/nwtp_nter/11223344/69invalid"
                      nter:orderWeight="2.0"
            />

            <nter:keywords xml:lang="en-US">supervising weatherization insulation multi-family single-family</nter:keywords>
            <nter:keywords xml:lang="es-ES">unifamiliar multifamiliar supervisor aislamiento weatherization</nter:keywords>

            <nter:related
                nter:relationship="prerequisite"
                nter:relatedEntryId="tag:nwtp.gov,2010-10-04:/courses/INVALID1-crs1-4ebb-aaaa-80da344efa6aa" />

        </nter:course>
    </entry>

</feed>

