<?xml version="1.0" encoding="utf-8"?>
<feed xmlns="http://www.w3.org/2005/Atom"
      xmlns:nter="http://nterlearning.org/xml/feeds/atom-extensions-schema_0.6.3.xsd"
      xmlns:at="http://purl.org/atompub/tombstones/1.0">

    <!-- Sample feed to test intentional feed issues for a vocabulary, course, and component -->

    <title>Course Feed</title>
    <link rel="self" href="test-0.6.3-course-atom-feed-errors2.xml" type="application/atom+xml"/>
    <updated>2010-07-01T22:52:00Z</updated>
    <id>tag:nwtp.gov,2010-07-01:/feeds/TESTERRORS-0002-11d9-b93C-0003939e0af6</id>

    <!-- note Friday and Saturday intentionally have same IRI.  Saturday should not load.-->
    <entry xml:lang="en-US" nter:entryType="vocabulary">
        <id>tag:nwtp.gov,2010-10-04:/vocabulary/Verror01-C34C-4A99-C38A-C97D87AF8AA2</id>
        <updated>2010-12-13T18:30:02Z</updated>
        <title>This title will be ignored by NTER in favor of the language specific vocabulary titles</title>
        <summary>Vocabulary of dynamic taxonomy for the test user.</summary>
        <nter:vocabulary>
            <nter:title xml:lang="en-US">TEST</nter:title>
            <nter:category>
                <nter:id>tag:nwtp.gov,2010-12-04:/category/CATerror1-C34C-4A99-C38A-C97D87AF8AA2</nter:id>
                <nter:title xml:lang="en-US">Days of Week</nter:title>
                <nter:category>
                    <nter:id>tag:nwtp.gov,2010-12-04:/category/CATerror10-C34C-4A99-C38A-C97D87AF8AA2</nter:id>
                    <nter:title xml:lang="en-US">Monday</nter:title>
                </nter:category>
                <nter:category>
                    <nter:id>tag:nwtp.gov,2010-12-04:/category/CATerror20-C34C-4A99-C38A-C97D87AF8AA2</nter:id>
                    <nter:title xml:lang="en-US">Tuesday</nter:title>
                </nter:category>
                <nter:category>
                    <nter:id>tag:nwtp.gov,2010-12-04:/category/CATerror30-C34C-4A99-C38A-C97D87AF8AA2</nter:id>
                    <nter:title xml:lang="en-US">Wednesday</nter:title>
                </nter:category>
                <nter:category>
                    <nter:id>tag:nwtp.gov,2010-12-04:/category/CATerror40-C34C-4A99-C38A-C97D87AF8AA2</nter:id>
                    <nter:title xml:lang="en-US">Thursday</nter:title>
                </nter:category>
                <nter:category>
                    <nter:id>tag:nwtp.gov,2010-12-04:/category/CATerror50-C34C-4A99-C38A-C97D87AF8AA2</nter:id>
                    <nter:title xml:lang="en-US">Friday</nter:title>
                </nter:category>
                <nter:category>
                    <nter:id>tag:nwtp.gov,2010-12-04:/category/CATerror50-C34C-4A99-C38A-C97D87AF8AA2</nter:id>
                    <nter:title xml:lang="en-US">Saturday</nter:title>
                </nter:category>
                <nter:category>
                    <nter:id>tag:nwtp.gov,2010-12-04:/category/CATerror60-C34C-4A99-C38A-C97D87AF8AA2</nter:id>
                    <nter:title xml:lang="en-US">Sunday</nter:title>
                </nter:category>
            </nter:category>
        </nter:vocabulary>
    </entry>

    <!-- intentional update date error for component -->
    <entry xml:lang="en-US" nter:entryType="course-component">
        <title>Test Errors component entry 1</title>
        <link rel="self" href="https://nwtp.gov/course15-en.php"
              nter:displayWidth="334" nter:displayHeight="189"/>
        <link rel="search" href="https://nwtp.gov/course15-en.php?q=search"/>
        <id>tag:nwtp.gov,2010-01-01:/link/to/test-component-error1/en-US</id>
        <updated>9999-99-99T18:30:02Z</updated>
        <author>
            <name>Robby Bailey</name>
        </author>
        <summary>test component </summary>
		<nter:courseComponent>
			<nter:version>1</nter:version>
            <nter:copyright lang="en-US">2010-2011 SRI International</nter:copyright>
		</nter:courseComponent>
    </entry>
    <!--  verify component process continues after errors  -->
    <entry xml:lang="en-US" nter:entryType="course-component">
        <title>Test Errors component entry 2</title>
        <link rel="self" href="https://nwtp.gov/course15-en.php"
              nter:displayWidth="334" nter:displayHeight="189"/>
        <link rel="search" href="https://nwtp.gov/course15-en.php?q=search"/>
        <id>tag:nwtp.gov,2010-01-01:/link/to/test-component-error2/en-US</id>
        <updated>2010-01-01T18:30:02Z</updated>
        <author>
            <name>Robby Bailey</name>
        </author>
        <summary>test component </summary>
		<nter:courseComponent>
			<nter:version>1</nter:version>
            <nter:copyright lang="en-US">2010-2011 SRI International</nter:copyright>
		</nter:courseComponent>
    </entry>


     <!-- intentional update date error for course so entry 1 fails-->
    <entry nter:entryType="course">
        <title>This title will be ignored by NTER in favor of the language specific course titles</title>
        <link rel="self" href="http://example.org/2003/12/13/atom03"/>
        <link rel="search" href="http://example.org/2003/12/13/atom03?q=search"/>
        <id>tag:nwtp.gov,2010-01-01:/courses/TEST-course-error-entry1-80da344efa6a</id>
        <updated>9999-99-99T18:30:02Z</updated>
        <author>
            <name>Robby Bailey</name>
            <nter:vcard>begin:vcard&#13;&#10;fn:Robby Bailey&#13;&#10;version:2.1&#13;&#10;end:vcard</nter:vcard>
        </author>
        <summary>Some text that is currently not used by NTER.</summary>
        <nter:course>
            <nter:version>1</nter:version>
			<nter:duration nter:durationStandard="ISO8601:2000">P2DT3H15M</nter:duration>

            <nter:title xml:lang="en-US">Test Course Error Entry 1</nter:title>

            <nter:transcriptAbstract xml:lang="en-US">Test Course Error Entry 1 abstract</nter:transcriptAbstract>

            <nter:description xml:lang="en-US">Test Course Error Entry 1 description</nter:description>

            <nter:copyright xml:lang="en-US">2010 SRI International</nter:copyright>

            <nter:rating xml:lang="en-US" nter:ratingLevel="Adult, 45+"
                         nter:ratingReason="inappropriate test language"/>

            <nter:componentRef
                    nter:componentId="tag:nwtp.gov,2010-01-01:/link/to/test-component-error/en-US"
                    nter:orderWeight="1.0"
                    />

            <nter:image
                    xml:lang="en-US"
                    nter:href="http://nwtp.gov/course15-1.png"
                    nter:alternateText="page one"
                    nter:mimeType="image/png"
                    nter:orderWeight="1.0"
                    />
            <nter:keywords xml:lang="en-US">test course </nter:keywords>

            <nter:requirement nter:requirementType="browser" xml:lang="en-US">IE 6+</nter:requirement>
            <nter:requirement nter:requirementType="browser" xml:lang="en-US">Firefox 4.0 beta</nter:requirement>

         </nter:course>
    </entry>

    <!-- verify course process continues after errors -->
    <entry nter:entryType="course">
        <title>This title will be ignored by NTER in favor of the language specific course titles</title>
        <link rel="self" href="http://example.org/2003/12/13/atom03"/>
        <link rel="search" href="http://example.org/2003/12/13/atom03?q=search"/>
        <id>tag:nwtp.gov,2010-01-01:/courses/TEST-course-error-entry2-80da344efa6a</id>
        <updated>2010-01-01T18:30:02Z</updated>
        <author>
            <name>Robby Bailey</name>
            <nter:vcard>begin:vcard&#13;&#10;fn:Robby Bailey&#13;&#10;version:2.1&#13;&#10;end:vcard</nter:vcard>
        </author>
        <summary>Some text that is currently not used by NTER.</summary>
        <nter:course>
			<nter:version>1</nter:version>
            <nter:duration nter:durationStandard="ISO8601:2000">P4DT3H15M</nter:duration>

            <nter:title xml:lang="en-US">Test Course Error Entry 2</nter:title>

            <nter:transcriptAbstract xml:lang="en-US">Test Course Error Entry 2 abstract</nter:transcriptAbstract>

            <nter:description xml:lang="en-US">Test Course Error Entry 2 description</nter:description>

            <nter:copyright xml:lang="en-US">2010 SRI International</nter:copyright>

            <nter:rating xml:lang="en-US" nter:ratingLevel="Adult, 45+"
                         nter:ratingReason="inappropriate test language"/>

            <nter:componentRef
                    nter:componentId="tag:nwtp.gov,2010-01-01:/link/to/test-component-error2/en-US"
                    nter:orderWeight="1.0"
                    />

            <nter:image
                    xml:lang="en-US"
                    nter:href="http://nwtp.gov/course15-1.png"
                    nter:alternateText="page one"
                    nter:mimeType="image/png"
                    nter:orderWeight="1.0"
                    />
            <nter:keywords xml:lang="en-US">test course </nter:keywords>

            <nter:requirement nter:requirementType="browser" xml:lang="en-US">IE 6+</nter:requirement>
            <nter:requirement nter:requirementType="browser" xml:lang="en-US">Firefox 4.0 beta</nter:requirement>

        </nter:course>
    </entry>

    <!-- intentional update date error for course so entry 3 fails-->
    <at:deleted-entry
			nter:entryType="course"
            ref="tag:nwtp.gov,2010-10-04:/courses/TEST-course-error-entry3-f9c781c07e28"
            when="9999-99-99T12:58:00Z" />

    <!-- verify course process continues after errors -->
    <at:deleted-entry
			nter:entryType="course"
            ref="tag:nwtp.gov,2010-10-04:/courses/TEST-course-error-entry4-f9c781c07e28"
            when="2011-03-01T12:58:00Z" />

   <!-- intentional update date error for course so entry 3 fails-->
    <at:deleted-entry
            nter:entryType="course-component"
            ref="tag:nwtp.gov,2010-11-04:/link/to/test-component-error3/en-US"
            when="9999-99-99T12:58:00Z"/>

    <!-- verify component process continues after errors -->
    <at:deleted-entry
            nter:entryType="course-component"
            ref="tag:nwtp.gov,2010-11-04:/link/to/test-component-error4/en-US"
            when="2011-03-01T12:58:00Z"/>


</feed>

