<?xml version="1.0" encoding="utf-8"?>

<!--
  ~ National Training and Education Resource (NTER)
  ~ Copyright (C) 2011  SRI International
  ~
  ~ This program is free software; you can redistribute it and/or modify
  ~ it under the terms of the GNU General Public License as published by
  ~ the Free Software Foundation; either version 2 of the License, or (at
  ~ your option) any later version.
  ~
  ~ This program is distributed in the hope that it will be useful, but
  ~ WITHOUT ANY WARRANTY; without even the implied warranty of
  ~ MERCHANTABILITY or FITNESS FOR A PARTICULAR PURPOSE.  See the GNU
  ~ General Public License for more details.
  ~
  ~ You should have received a copy of the GNU General Public License
  ~ along with this program; if not, write to the Free Software
  ~ Foundation, Inc., 51 Franklin Street, Fifth Floor, Boston, MA
  ~ 02110-1301, USA.
  -->
<feed xmlns="http://www.w3.org/2005/Atom"
      xmlns:nter="http://nterlearning.org/xml/feeds/atom-extensions-schema_0.6.3.xsd"
      xmlns:at="http://purl.org/atompub/tombstones/1.0"
      xmlns:fh="http://purl.org/syndication/history/1.0">

    <title>Course Feed</title>
    <link rel="self"
          href="http://localhost:8080/course-portlet/course-feeds/xml/test-0.6.3-feeds/test-0.6.3-course-atom-feed-component-dl-feed.xml"
          type="application/atom+xml"/>

    <updated>2010-12-13T22:52:00Z</updated>
    <id>tag:nwtp.gov,2010-10-04:/feeds/d5cfdaec-b939-4c2c-a189-54fe74f86247</id>

    <!--
    Include the fh:complete entry to indicate that this feed represents a
    complete listing of courses, components, or student records.  If this is
    set, and the feed was previously processed, anything missing from the feed
    will be removed.
    -->
    <fh:complete />

    <entry xml:lang="en-US" nter:entryType="course-component">
        <title>Course 18</title>
        <link rel="self"
              href="https://nwtp.gov/course18-en.php"
              nter:displayWidth="334"
              nter:displayHeight="189"/>
        <link rel="search"
              href="http://nwtp.gov/course18-en.php?q=search"/>
        <link rel="download"
              href="http://nwtp.gov/courses/download?course=course18-en&amp;type=2"
              type="application/vnd.nter.scorm2004_4"/>
        <link rel="download"
              href="http://nwtp.gov/courses/download?course=course18-en&amp;type=3"
              type="application/vnd.nter.scorm2004_3"/>
        <id>tag:nwtp.gov,2010-11-04:/link/to/course18/en-US</id>
        <updated>2010-11-13T18:30:02Z</updated>
        <author>
            <name>Robby Bailey</name>
        </author>
        <summary>course eighteen</summary>
		<nter:courseComponent>
			<nter:version>1.0</nter:version>
			<nter:organization>test organization</nter:organization>
			<nter:price nter:value="118.00" nter:unit="USD"/>
            <nter:copyright lang="en-US">2010-2011 SRI International</nter:copyright>
		</nter:courseComponent>
    </entry>

    <entry xml:lang="en-US" nter:entryType="course-component">
        <title>Course 19</title>
        <link rel="self"
              href="https://nwtp.gov/course19.php"
              nter:displayWidth="444"
              nter:displayHeight="204"/>
        <link rel="search"
              href="http://nwtp.gov/course19.php?q=search"/>
        <link rel="download"
              href="http://nwtp.gov/courses/download?course=course19&amp;type=2"
              type="application/vnd.nter.scorm2004_4"/>
        <link rel="download"
              href="http://nwtp.gov/courses/download?course=course19&amp;type=3"
              type="application/vnd.nter.scorm2004_3"/>
        <id>tag:nwtp.gov,2010-11-07:/link/to/course19/en-US</id>
        <updated>2010-11-13T08:30:59Z</updated>
        <author>
            <name>Pam Griffith</name>
        </author>
        <summary>course nineteen</summary>
		<nter:courseComponent>
			<nter:version>2.0</nter:version>
			<nter:organization>test organization</nter:organization>
			<nter:price nter:value="119.00" nter:unit="USD"/>
            <nter:copyright lang="en-US">2010-2011 SRI International</nter:copyright>
		</nter:courseComponent>
	</entry>

    <entry xml:lang="en-US" nter:entryType="course-component">
        <title>Course 20</title>
        <link rel="self"
              href="https://nwtp.gov/course20.php"
              nter:displayWidth="433"
              nter:displayHeight="197"/>
        <link rel="search"
              href="http://nwtp.gov/course20.php?q=search"/>
        <link rel="download"
              href="http://nwtp.gov/courses/download?course=course20&amp;type=2"
              type="application/vnd.nter.scorm2004_4"/>
        <link rel="download"
              href="http://nwtp.gov/courses/download?course=course20&amp;type=3"
              type="application/vnd.nter.scorm2004_3"/>
        <id>tag:nwtp.gov,2010-11-12:/link/to/course20/en-US</id>
        <updated>2010-11-03T01:03:02Z</updated>
        <author>
            <name>Gabriel Jiva</name>
        </author>
        <summary>course twenty</summary>
		<nter:courseComponent>
			<nter:version>3.0</nter:version>
			<nter:organization>test organization</nter:organization>
			<nter:price nter:value="120" nter:unit="USD"/>
            <nter:copyright lang="en-US">2010-2011 SRI International</nter:copyright>
		</nter:courseComponent>		
    </entry>

    <entry xml:lang="en-US" nter:entryType="course-component">
        <title>Free Component 1</title>
        <link rel="self"
              href="https://nwtp.gov/freeComponent1.php"
              nter:displayWidth="433"
              nter:displayHeight="197"/>
        <link rel="search"
              href="https://nwtp.gov/freeComponent1.php?q=search"/>
        <link rel="download"
              href="http://nwtp.gov/courses/download?component=freeComponent1&amp;type=2"
              type="application/vnd.nter.scorm2004_4"/>
        <link rel="download"
              href="http://nwtp.gov/courses/download?component=freeComponent1&amp;type=3"
              type="application/vnd.nter.scorm2004_3"/>
        <id>tag:nwtp.gov,2010-11-12:/link/to/freeComponent1/en-US</id>
        <updated>2010-11-03T01:03:02Z</updated>
        <author>
            <name>Gabriel Jiva</name>
        </author>
        <summary>free component 1</summary>
		<nter:courseComponent>
			<nter:version>3.0</nter:version>
			<nter:organization>test organization</nter:organization>
            <nter:copyright lang="en-US">2010-2011 SRI International</nter:copyright>
		</nter:courseComponent>
    </entry>

    <entry xml:lang="en-US" nter:entryType="course-component">
        <title>Free Component 2</title>
        <link rel="self"
              href="https://nwtp.gov/freeComponent2.php"
              nter:displayWidth="433"
              nter:displayHeight="197"/>
        <link rel="search"
              href="https://nwtp.gov/freeComponent2.php?q=search"/>
        <link rel="download"
              href="http://nwtp.gov/courses/download?component=freeComponent2&amp;type=2"
              type="application/vnd.nter.scorm2004_4"/>
        <link rel="download"
              href="http://nwtp.gov/courses/download?component=freeComponent2&amp;type=3"
              type="application/vnd.nter.scorm2004_3"/>
        <id>tag:nwtp.gov,2010-11-12:/link/to/freeComponent2/en-US</id>
        <updated>2010-11-03T01:03:02Z</updated>
        <author>
            <name>Gabriel Jiva</name>
        </author>
        <summary>free component 2</summary>
		<nter:courseComponent>
			<nter:version>3.0</nter:version>
			<nter:organization>test organization</nter:organization>
            <nter:copyright lang="en-US">2010-2011 SRI International</nter:copyright>
		</nter:courseComponent>
    </entry>

    <entry xml:lang="en-US" nter:entryType="course-component">
        <title>Free Component 3</title>
        <link rel="self"
              href="https://nwtp.gov/freeComponent3.php"
              nter:displayWidth="433"
              nter:displayHeight="197"/>
        <link rel="search"
              href="https://nwtp.gov/freeComponent3.php?q=search"/>
        <link rel="download"
              href="http://nwtp.gov/courses/download?component=freeComponent3&amp;type=2"
              type="application/vnd.nter.scorm2004_4"/>
        <link rel="download"
              href="http://nwtp.gov/courses/download?component=freeComponent3&amp;type=3"
              type="application/vnd.nter.scorm2004_3"/>
        <id>tag:nwtp.gov,2010-11-12:/link/to/freeComponent3/en-US</id>
        <updated>2010-11-03T01:03:02Z</updated>
        <author>
            <name>Gabriel Jiva</name>
        </author>
        <summary>free component 3</summary>
		<nter:courseComponent>
			<nter:version>3.0</nter:version>
			<nter:organization>test organization</nter:organization>
            <nter:copyright lang="en-US">2010-2011 SRI International</nter:copyright>
		</nter:courseComponent>
    </entry>

</feed>