<?xml version="1.0" encoding="utf-8"?>

<!--
  ~ National Training and Education Resource (NTER)
  ~ Copyright (C) 2011  SRI International
  ~
  ~ This program is free software; you can redistribute it and/or modify
  ~ it under the terms of the GNU General Public License as published by
  ~ the Free Software Foundation; either version 2 of the License, or (at
  ~ your option) any later version.
  ~
  ~ This program is distributed in the hope that it will be useful, but
  ~ WITHOUT ANY WARRANTY; without even the implied warranty of
  ~ MERCHANTABILITY or FITNESS FOR A PARTICULAR PURPOSE.  See the GNU
  ~ General Public License for more details.
  ~
  ~ You should have received a copy of the GNU General Public License
  ~ along with this program; if not, write to the Free Software
  ~ Foundation, Inc., 51 Franklin Street, Fifth Floor, Boston, MA
  ~ 02110-1301, USA.
  -->
  
<feed xmlns="http://www.w3.org/2005/Atom"
      xmlns:nter="http://nterlearning.org/xml/feeds/atom-extensions-schema_0.6.3.xsd">

    <!-- Test for multiple student activity and completion progress for one course. -->
    <!-- Student test@nter.com -->

    <title>Student Records Feed</title>
    <link rel="self" href="test-0.6.3-student-records-atom-feed-multi-entry.xml" type="application/atom+xml"/>
    <author>
        <uri>nwtp.gov</uri>
    </author>
    <updated>2009-01-30T18:52:00Z</updated>
    <id>tag:nwtp.gov,2009-01-30:/feeds/TEST-multiple-entry-progress-0003939e0af6</id>

    <!-- Record for a course -->
    <entry nter:entryType="course-record">
        <title/>
        <id>tag:nwtp.gov,2009-01-30:/records/TEST-multiple-entry-progress-course-2009</id>
        <updated>2009-01-30T13:30:02Z</updated>
        <content/>
        <nter:courseRecord
                nter:studentUserId="test@nter.com"
                nter:courseId="tag:nwtp.gov,2009-01-14:/courses/bicycle-safety-80da344efa6a"
                nter:progress="Completed"
                nter:assigned="true"
                >
            <nter:componentRecord
                    nter:componentId="tag:nwtp.gov,2009-01-14:/link/to/helmet/en-US"
                    nter:completionPercent="100"
                    nter:progress="Completed"
                    nter:progressDate="2009-01-30T13:30:02Z"
                    />
            <nter:componentRecord
                    nter:componentId="tag:nwtp.gov,2009-01-14:/link/to/reflector/en-US"
                    nter:completionPercent="100"
                    nter:progress="Completed"
                    nter:progressDate="2009-01-30T13:30:02Z"
                    />
        </nter:courseRecord>
    </entry>

    <!-- Record for a course -->
    <entry nter:entryType="course-record">
        <title/>
        <id>tag:nwtp.gov,2010-10-30:/records/TEST-multiple-entry-progress-course-2010</id>
        <updated>2010-10-30T13:30:02Z</updated>
        <content/>
        <nter:courseRecord
                nter:studentUserId="test@nter.com"
                nter:courseId="tag:nwtp.gov,2009-01-14:/courses/bicycle-safety-80da344efa6a"
                nter:progress="Completed"
                nter:assigned="true"
                >
            <nter:componentRecord
                    nter:componentId="tag:nwtp.gov,2009-01-14:/link/to/helmet/en-US"
                    nter:completionPercent="100"
                    nter:progress="Completed"
                    nter:progressDate="2010-10-30T13:30:02Z"
                    />
            <nter:componentRecord
                    nter:componentId="tag:nwtp.gov,2009-01-14:/link/to/reflector/en-US"
                    nter:completionPercent="100"
                    nter:progress="Completed"
                    nter:progressDate="2010-10-30T13:30:02Z"
                    />
        </nter:courseRecord>
    </entry>

        <!-- Record for a course -->
    <entry nter:entryType="course-record">
        <title/>
        <id>tag:nwtp.gov,2011-04-30:/records/TEST-multiple-entry-progress-course-2011</id>
        <updated>2011-04-30T13:30:02Z</updated>
        <content/>
        <nter:courseRecord
                nter:studentUserId="test@nter.com"
                nter:courseId="tag:nwtp.gov,2009-01-14:/courses/bicycle-safety-80da344efa6a"
                nter:progress="In Progress"
                nter:assigned="true"
                >
            <nter:componentRecord
                    nter:componentId="tag:nwtp.gov,2009-01-14:/link/to/helmet/en-US"
                    nter:completionPercent="100"
                    nter:progress="Completed"
                    nter:progressDate="2011-04-30T13:30:02Z"
                    />
            <nter:componentRecord
                    nter:componentId="tag:nwtp.gov,2009-01-14:/link/to/reflector/en-US"
                    nter:completionPercent="100"
                    nter:progress="In Progress"
                    nter:progressDate="2011-04-30T13:30:02Z"
                    />
        </nter:courseRecord>
    </entry>
</feed>
