<?xml version="1.0" encoding="utf-8"?>

<!--
  ~ National Training and Education Resource (NTER)
  ~ Copyright (C) 2011  SRI International
  ~
  ~ This program is free software; you can redistribute it and/or modify
  ~ it under the terms of the GNU General Public License as published by
  ~ the Free Software Foundation; either version 2 of the License, or (at
  ~ your option) any later version.
  ~
  ~ This program is distributed in the hope that it will be useful, but
  ~ WITHOUT ANY WARRANTY; without even the implied warranty of
  ~ MERCHANTABILITY or FITNESS FOR A PARTICULAR PURPOSE.  See the GNU
  ~ General Public License for more details.
  ~
  ~ You should have received a copy of the GNU General Public License
  ~ along with this program; if not, write to the Free Software
  ~ Foundation, Inc., 51 Franklin Street, Fifth Floor, Boston, MA
  ~ 02110-1301, USA.
  -->
  
<feed xmlns="http://www.w3.org/2005/Atom"
      xmlns:nter="http://nterlearning.org/xml/feeds/atom-extensions-schema_0.6.3.xsd">

    <!-- NOTE: this feed depends on the target courses and links mentioned in it 
               being available in the database.  To enter these in the database,
               parse the test-course-atom-feed-price-0 and/or test-course-atom-feed-price-1 available in the same directory as this file. -->
    <!-- Test series for student progression through a course with price -->
    <!-- Initial Feed  -->
    <!-- Student test@nter.com -->

    <title>Student Records Feed</title>
    <link rel="self" href="test-0.6.3-student-records-atom-feed-price.xml" type="application/atom+xml"/>
    <author>
        <uri>nwtp.gov</uri>
    </author>
    <updated>2011-07-01T18:52:00Z</updated>
    <id>tag:nwtp.gov,2011-07-01:/feeds/test-course-with-price-student-status</id>

    <!-- Record for a course -->
    <entry nter:entryType="course-record">
        <title/>
        <id>tag:nwtp.gov,2011-07-01:/records/test-boat-parts-student-status-001</id>
        <updated>2011-07-01T13:30:02Z</updated>
        <content/>
        <nter:courseRecord
                nter:studentUserId="test@nter.com"
                nter:courseId="tag:nwtp.gov,2011-01-14:/courses/test-boat-parts"
                nter:progress="In Progress"
                nter:assigned="false"
                >
            <nter:componentRecord
                    nter:componentId="tag:nwtp.gov,2011-01-14:/link/to/component-motor/en-US"
                    nter:completionPercent="50"
                    nter:progress="In Progress"
                    nter:progressDate="2011-07-01T13:30:02Z"
                    />
        </nter:courseRecord>
    </entry>

    <entry nter:entryType="course-record">
        <title/>
        <id>tag:nwtp.gov,2011-07-01:/records/test-truck-parts-student-status-001</id>
        <updated>2011-07-01T13:30:02Z</updated>
        <content/>
        <nter:courseRecord
                nter:studentUserId="test@nter.com"
                nter:courseId="tag:nwtp.gov,2011-01-14:/courses/test-truck-parts"
                nter:progress="In Progress"
                nter:assigned="false"
                >
            <nter:componentRecord
                    nter:componentId="tag:nwtp.gov,2011-01-14:/link/to/component-engine/en-US"
                    nter:completionPercent="60"
                    nter:progress="In Progress"
                    nter:progressDate="2011-07-01T13:30:02Z"
                    />
        </nter:courseRecord>
    </entry>

    <entry nter:entryType="course-record">
        <title/>
        <id>tag:nwtp.gov,2011-07-01:/records/test-car-parts-student-status-001</id>
        <updated>2011-07-01T13:30:02Z</updated>
        <content/>
        <nter:courseRecord
                nter:studentUserId="test@nter.com"
                nter:courseId="tag:nwtp.gov,2011-01-14:/courses/test-car-parts"
                nter:progress="In Progress"
                nter:assigned="false"
                >
            <nter:componentRecord
                    nter:componentId="tag:nwtp.gov,2011-01-14:/link/to/component-wheel/en-US"
                    nter:completionPercent="20"
                    nter:progress="In Progress"
                    nter:progressDate="2011-07-01T13:30:02Z"
                    />
            <nter:componentRecord
                    nter:componentId="tag:nwtp.gov,2011-01-14:/link/to/component-brake/en-US"
                    nter:completionPercent="39"
                    nter:progress="In Progress"
                    nter:progressDate="2011-07-01T13:30:02Z"
                    />
        </nter:courseRecord>
    </entry>

</feed>
