<?xml version="1.0" encoding="utf-8"?>

<!--
  ~ National Training and Education Resource (NTER)
  ~ Copyright (C) 2011  SRI International
  ~
  ~ This program is free software; you can redistribute it and/or modify
  ~ it under the terms of the GNU General Public License as published by
  ~ the Free Software Foundation; either version 2 of the License, or (at
  ~ your option) any later version.
  ~
  ~ This program is distributed in the hope that it will be useful, but
  ~ WITHOUT ANY WARRANTY; without even the implied warranty of
  ~ MERCHANTABILITY or FITNESS FOR A PARTICULAR PURPOSE.  See the GNU
  ~ General Public License for more details.
  ~
  ~ You should have received a copy of the GNU General Public License
  ~ along with this program; if not, write to the Free Software
  ~ Foundation, Inc., 51 Franklin Street, Fifth Floor, Boston, MA
  ~ 02110-1301, USA.
  -->

        
<!--
This test feed is designed to test NTER's ability to handle feeds that have
tombstoned courses or course components.

test-0.6.2-course-atom-feed-tombstoneTest-0.xml : has a full listing of courses
test-0.6.2-course-atom-feed-tombstoneTest-1.xml : contains tombstoned courses
test-0.6.2-course-atom-feed-tombstoneTest-2.xml : contains course updates

To test:
1.  Process -0: Verify that three courses have been added
2.  Process -1: Verify that one of the courses and course component have been
        removed.  This should be done via the database manager.  Verify that a
        new course entry has been entered for a tombstone that did not match an
        existing course.
3.  Process -2:  Verify that the course tombstoned in -1 has been un-removed
        (since its updateDate is newer than the tombstone date) and that the
        empty course added in -1 has been fully filled in.
-->
<feed xmlns="http://www.w3.org/2005/Atom"
      xmlns:nter="http://nterlearning.org/xml/feeds/atom-extensions-schema_0.6.3.xsd"
      xmlns:at="http://purl.org/atompub/tombstones/1.0">

    <title>Course Feed</title>
    <link rel="self" href="test-0.6.3-course-atom-feed-tombstoneTest-0.xml" type="application/atom+xml"/>
    <updated>2010-12-13T22:52:00Z</updated>
    <id>tag:nwtp.gov,2010-10-04:/feeds/9e0c6e50-9610-47b8-902a-b05a90632269</id>

    <entry xml:lang="en-US" nter:entryType="course-component">
        <title>Course 18</title>
        <link rel="self" href="https://nwtp.gov/course18-en.php"
              nter:displayWidth="334" nter:displayHeight="189"/>
        <link rel="search" href="https://nwtp.gov/course18-en.php?q=search"/>
        <id>tag:nwtp.gov,2010-11-04:/link/to/course18/en-US</id>
        <updated>2010-11-13T18:30:02Z</updated>
        <author>
            <name>Robby Bailey</name>
        </author>
        <summary>course eighteen</summary>
		<nter:courseComponent>
			<nter:version>1.0</nter:version>
            <nter:copyright lang="en-US">2010-2011 SRI International</nter:copyright>
		</nter:courseComponent>
    </entry>

    <entry  xml:lang="fr-FR" nter:entryType="course-component">
        <title>Cours 18</title>
        <link rel="self" href="https://nwtp.gov/course18.php?lang=fr-FR"
              nter:displayWidth="334" nter:displayHeight="189"/>
        <link rel="search" href="https://nwtp.gov/course18.php?lang=fr-FR?q=search"/>
        <id>tag:nwtp.gov,2010-11-04:/link/to/cours18/fr-FR</id>
        <updated>2010-11-14T12:12:42Z</updated>
        <author>
            <name>Paula Peters</name>
        </author>
        <summary>cours dix-huit</summary>
		<nter:courseComponent>
			<nter:version>1.0</nter:version>
            <nter:copyright lang="en-US">2010-2011 SRI International</nter:copyright>
		</nter:courseComponent>
    </entry>

    <entry xml:lang="en-US" nter:entryType="course-component">
        <title>Course 19</title>
        <link rel="self" href="https://nwtp.gov/course19.php"
              nter:displayWidth="444" nter:displayHeight="204"/>
        <link rel="search" href="https://nwtp.gov/course19.php?q=search"/>
        <id>tag:nwtp.gov,2010-11-07:/link/to/course19/en-US</id>
        <updated>2010-11-13T08:30:59Z</updated>
        <author>
            <name>Pam Griffith</name>
        </author>
        <summary>course nineteen</summary>
		<nter:courseComponent>
			<nter:version>1.0</nter:version>
            <nter:copyright lang="en-US">2010-2011 SRI International</nter:copyright>
		</nter:courseComponent>
    </entry>

    <entry xml:lang="fr-FR" nter:entryType="course-component">
        <title>Cours 19</title>
        <link rel="self" href="https://nwtp.gov/course19.php?lang=fr-FR"
              nter:displayWidth="444" nter:displayHeight="204"/>
        <link rel="search" href="https://nwtp.gov/course19.php?lang=fr-FR?q=search"/>
        <id>tag:nwtp.gov,2010-11-07:/link/to/cours19/fr-FR</id>
        <updated>2010-11-12T10:33:00Z</updated>
        <author>
            <name>Paula Peters</name>
        </author>
        <summary>cours dix-neuf</summary>
		<nter:courseComponent>
			<nter:version>1.0</nter:version>
            <nter:copyright lang="en-US">2010-2011 SRI International</nter:copyright>
		</nter:courseComponent>
    </entry>

    <entry xml:lang="en-US" nter:entryType="course-component">
        <title>Course 20</title>
        <link rel="self" href="https://nwtp.gov/course20.php"
              nter:displayWidth="433" nter:displayHeight="197"/>
        <link rel="search" href="https://nwtp.gov/course20.php?q=search"/>
        <id>tag:nwtp.gov,2010-11-12:/link/to/course20/en-US</id>
        <updated>2010-11-03T01:03:02Z</updated>
        <author>
            <name>Gabriel Jiva</name>
        </author>
        <summary>course twenty</summary>
		<nter:courseComponent>
			<nter:version>1.0</nter:version>
            <nter:copyright lang="en-US">2010-2011 SRI International</nter:copyright>
		</nter:courseComponent>
    </entry>

    <entry nter:entryType="course">
        <title>This title will be ignored by NTER in favor of the language specific course titles</title>
        <link rel="self" href="http://example.org/2003/12/13/atom03"/>
        <link rel="search" href="http://example.org/2003/12/13/atom03?q=search"/>
        <id>tag:nwtp.gov,2010-10-04:/courses/9de58cd0-3baf-46c3-b0dd-f9c781c07e28</id>
        <updated>2010-11-20T18:30:02Z</updated>
        <author>
            <name>Robby Bailey</name>
            <nter:vcard>begin:vcard&#13;&#10;fn:Robby Bailey&#13;&#10;version:2.1&#13;&#10;end:vcard</nter:vcard>
        </author>
        <contributor>
            <name>Pam Griffith</name>
        </contributor>
        <contributor>
            <name>Paula Peters</name>
        </contributor>
        <contributor>
            <name>Gabriel Jiva</name>
            <nter:vcard>begin:vcard&#13;&#10;fn:Gabriel Jiva&#13;&#10;n:Jiva;Gabriel&#13;&#10;org:SRI;SWEP&#13;&#10;adr:;;450 8th Ave SE;St Petersburg;FL;33701;USA&#13;&#10;email;internet:gabriel.jiva@sri.com&#13;&#10;title:Software Engineer&#13;&#10;tel;work:727-553-3539&#13;&#10;url:http://www.sri.com&#13;&#10;version:2.1&#13;&#10;end:vcard</nter:vcard>
        </contributor>
        <summary>Some text that is currently not used by NTER.</summary>
        <nter:course>
			<nter:version>1</nter:version>
            <nter:title xml:lang="en-US">Supervising weatherization measures: Insulation</nter:title>
            <nter:title xml:lang="fr-FR">Mesures surveillées de weatherization : Isolation</nter:title>
            <nter:title xml:lang="es-ES">Medidas supervisoras del weatherization: Aislamiento</nter:title>

            <nter:transcriptAbstract xml:lang="en-US">This course covers single-family, multi-family, and mobile home insulation.</nter:transcriptAbstract>
            <nter:transcriptAbstract xml:lang="fr-FR">Ce cours couvre l'isolation unifamiliale, multifamiliale, et de caravane résidentielle.</nter:transcriptAbstract>

            <nter:description xml:lang="en-US">This course covers single-family, multi-family, and mobile home insulation.</nter:description>
            <nter:description xml:lang="fr-FR">Ce cours couvre l'isolation unifamiliale, multifamiliale, et de caravane résidentielle.</nter:description>
            <nter:description xml:lang="es-ES">Este curso cubre el aislamiento unifamiliar, multifamiliar, y de la caravana.</nter:description>

            <nter:copyright xml:lang="en-US">2010-2011 SRI International</nter:copyright>
            <nter:copyright xml:lang="fr-FR">International de 2010-2011 SRI</nter:copyright>
            <nter:copyright xml:lang="es-ES">International de 2010-2011 SRI</nter:copyright>

            <nter:rating xml:lang="en-US" nter:ratingLevel="E (Everyone)" nter:ratingReason="Contains no objectionable or material that could be found in appropriate." />

            <nter:componentRef 
                nter:componentId="tag:nwtp.gov,2010-11-04:/link/to/course18/en-US" 
                nter:orderWeight="1.0" 
            />
            <nter:componentRef 
                nter:componentId="tag:nwtp.gov,2010-11-04:/link/to/cours18/fr-FR" 
                nter:orderWeight="1.0" 
            />
            <nter:componentRef 
                nter:componentId="tag:nwtp.gov,2010-11-07:/link/to/course19/en-US" 
                nter:orderWeight="1.5" 
            />
            <nter:componentRef 
                nter:componentId="tag:nwtp.gov,2010-11-07:/link/to/cours19/fr-FR" 
                nter:orderWeight="1.5" 
            />
            <nter:componentRef 
                nter:componentId="tag:nwtp.gov,2010-11-12:/link/to/course20/en-US" 
                nter:orderWeight="2.5" 
            />

            <nter:image
                xml:lang="en-US"
                nter:href="http://nwtp.gov/course18-1.png"
                nter:alternateText="page one"
                nter:mimeType="image/png"
                nter:orderWeight="1.0"
            />
            <nter:image
                xml:lang="fr-FR"
                nter:href="http://nwtp.gov/course18-1.png"
                nter:alternateText="page une"
                nter:mimeType="image/png"
                nter:orderWeight="1.0"
            />
            <nter:image
                xml:lang="en-US"
                nter:href="http://nwtp.gov/course18-2.png"
                nter:alternateText="page two"
                nter:mimeType="image/png"
                nter:orderWeight="2.0"
            />
            <nter:image
                xml:lang="fr-FR"
                nter:href="http://nwtp.gov/course18-2.png"
                nter:alternateText="page deux"
                nter:mimeType="image/png"
                nter:orderWeight="2.0"
            />
            <nter:image
                xml:lang="en-US"
                nter:href="http://nwtp.gov/course18-3.png"
                nter:alternateText="page three"
                nter:mimeType="image/png"
                nter:orderWeight="3.0"
            />
            <nter:image
                xml:lang="fr-FR"
                nter:href="http://nwtp.gov/course18-3-fr.png"
                nter:alternateText="page trois"
                nter:mimeType="image/png"
                nter:orderWeight="3.0"
            />

            <nter:keywords xml:lang="en-US">supervising weatherization insulation multi-family single-family</nter:keywords>
            <nter:keywords xml:lang="es-ES">unifamiliar multifamiliar supervisor aislamiento weatherization</nter:keywords>
            
            <nter:requirement nter:requirementType="browser" xml:lang="en-US">IE 6+</nter:requirement>
            <nter:requirement nter:requirementType="browser" xml:lang="en-US">Firefox 4.0 beta</nter:requirement>
            
        </nter:course>
    </entry>
    

    <entry xml:lang="en-US" nter:entryType="course-component">
        <title>Introduction to Weatherization</title>
        <link rel="self" href="http://128.18.100.91/nwtp_nter/nter.php?client_id=nwtp_nter&amp;ref_id=80"
              nter:displayWidth="1100" nter:displayHeight="800"/>
        <link rel="search" href="http://128.18.100.91/nwtp_nter/nter.php?client_id=nwtp_nter&amp;ref_id=80?q=search"/>
        <id>tag:nwtp.gov,2010-07-22:/nwtp_nter/nwtp_nter/11223344/80</id>
        <updated>2010-07-27T10:42:21Z</updated>
        <summary>Introduction to Weatherization</summary>
		<nter:courseComponent>
			<nter:version>1.0</nter:version>
            <nter:copyright lang="en-US">2010-2011 SRI International</nter:copyright>
		</nter:courseComponent>
    </entry>

    <entry xml:lang="en-US" nter:entryType="course-component">
        <title>Communication Skills</title>
        <link rel="self" href="http://128.18.100.91/nwtp_nter/nter.php?client_id=nwtp_nter&amp;ref_id=69"
              nter:displayWidth="1100" nter:displayHeight="800"/>
        <link rel="search" href="http://128.18.100.91/nwtp_nter/nter.php?client_id=nwtp_nter&amp;ref_id=69?q=search"/>
        <id>tag:nwtp.gov,2010-09-12:/nwtp_nter/nwtp_nter/11223344/69</id>
        <updated>2010-09-13T12:33:54Z</updated>
        <summary>Communication Skills</summary>
		<nter:courseComponent>
			<nter:version>1.0</nter:version>
            <nter:copyright lang="en-US">2010-2011 SRI International</nter:copyright>
		</nter:courseComponent>
    </entry>

    <entry nter:entryType="course">
        <link rel="self" href="http://example.org/2003/12/13/atom03"/>
        <link rel="search" href="http://example.org/2003/12/13/atom03?q=search"/>
        <id>tag:nwtp.gov,2010-10-04:/courses/4b7628ef-a047-4faf-80a6-5eee0e6578c1</id>
        <updated>2010-09-13T18:30:02Z</updated>
        <author>
            <name>Leigh Moulder</name>
        </author>
        <contributor>
            <name>Pam Griffith</name>
        </contributor>
        <summary>Installer fundamentals</summary>
        <nter:course>
			<nter:version>1</nter:version>		
            <nter:title xml:lang="en-US">More Installer Fundamentals</nter:title>
            <nter:title xml:lang="es-ES">Más Instalador de Fundamentos</nter:title>
            
            <nter:transcriptAbstract xml:lang="en-US">More Installer Fundamentals</nter:transcriptAbstract>
            <nter:transcriptAbstract xml:lang="es-ES">Más Instalador de Fundamentos</nter:transcriptAbstract>

            <nter:description xml:lang="en-US">More Installer Fundamentals</nter:description>
            <nter:description xml:lang="es-ES">Más Instalador de Fundamentoss</nter:description>

            <nter:copyright xml:lang="en-US">2010 SRI International</nter:copyright>
            <nter:copyright xml:lang="es-ES">International de 2010 SRI</nter:copyright>

            <nter:componentRef
                nter:componentId="tag:nwtp.gov,2010-07-22:/nwtp_nter/nwtp_nter/11223344/80"
                nter:orderWeight="1.0"
            />
            <nter:componentRef
                nter:componentId="tag:nwtp.gov,2010-09-12:/nwtp_nter/nwtp_nter/11223344/69"
                nter:orderWeight="2.0"
            />

            <nter:keywords xml:lang="en-US">installer fundamentals</nter:keywords>
            <nter:keywords xml:lang="es-ES">instalador de fundamentos</nter:keywords>

            <nter:related
                nter:relationship="prerequisite"
                nter:relatedEntryId="tag:nwtp.gov,2010-10-04:/courses/9de58cd0-3baf-46c3-b0dd-f9c781c07e28"
            />

        </nter:course>
    </entry>


    <entry xml:lang="fr-FR" nter:entryType="course-component">
        <title>Cours 20</title>
        <link rel="self" href="https://nwtp.gov/course20.php"
              nter:displayWidth="443" nter:displayHeight="197"/>
        <link rel="search" href="https://nwtp.gov/course20.php?q=search"/>
        <id>tag:nwtp.gov,2010-11-29:/link/to/cours20/fr-FR</id>
        <updated>2010-11-29T07:19:34Z</updated>
        <author>
            <name>Paula Peters</name>
        </author>
        <summary>cours vingt</summary>
		<nter:courseComponent>
			<nter:version>1.0</nter:version>
            <nter:copyright lang="en-US">2010-2011 SRI International</nter:copyright>
		</nter:courseComponent>
    </entry>

    <!-- Minor update: the same IRI is used. -->
    <entry nter:entryType="course">
        <title>This title will be ignored by NTER in favor of the language specific course titles</title>
        <link rel="self" href="http://example.org/2003/12/13/atom03"/>
        <link rel="search" href="http://example.org/2003/12/13/atom03?q=search"/>
        <id>tag:nwtp.gov,2010-10-04:/courses/9de58cd0-3baf-46c3-b0dd-f9c781c07e28</id>
        <updated>2010-11-23T14:42:23Z</updated>
        <author>
            <name>Robby Bailey</name>
            <nter:vcard>begin:vcard&#13;&#10;fn:Robby Bailey&#13;&#10;version:2.1&#13;&#10;end:vcard</nter:vcard>
        </author>
        <contributor>
            <name>Pam Griffith</name>
        </contributor>
        <contributor>
            <name>Paula Peters</name>
        </contributor>
        <contributor>
            <name>Gabriel Jiva</name>
            <nter:vcard>begin:vcard&#13;&#10;fn:Gabriel Jiva&#13;&#10;n:Jiva;Gabriel&#13;&#10;org:SRI;SWEP&#13;&#10;adr:;;450 8th Ave SE;St Petersburg;FL;33701;USA&#13;&#10;email;internet:gabriel.jiva@sri.com&#13;&#10;title:Software Engineer&#13;&#10;tel;work:727-553-3539&#13;&#10;url:http://www.sri.com&#13;&#10;version:2.1&#13;&#10;end:vcard</nter:vcard>
        </contributor>
        <summary>Some text that is currently not used by NTER.</summary>
        <nter:course>
			<nter:version>1</nter:version>
            <nter:title xml:lang="en-US">Supervising weatherization measures: Insulation</nter:title>
            <nter:title xml:lang="fr-FR">Mesures surveillées de weatherization : Isolation</nter:title>
            <nter:title xml:lang="es-ES">Medidas supervisoras del weatherization: Aislamiento</nter:title>

            <nter:transcriptAbstract xml:lang="en-US">This course covers single-family, multi-family, and mobile home insulation.</nter:transcriptAbstract>
            <nter:transcriptAbstract xml:lang="fr-FR">Ce cours couvre l'isolation unifamiliale, multifamiliale, et de caravane résidentielle.</nter:transcriptAbstract>

            <nter:description xml:lang="en-US">This course covers single-family, multi-family, and mobile home insulation.</nter:description>
            <nter:description xml:lang="fr-FR">Ce cours couvre l'isolation unifamiliale, multifamiliale, et de caravane résidentielle.</nter:description>
            <nter:description xml:lang="es-ES">Este curso cubre el aislamiento unifamiliar, multifamiliar, y de la caravana.</nter:description>

            <nter:copyright xml:lang="en-US">2010-2011 SRI International</nter:copyright>
            <nter:copyright xml:lang="fr-FR">International de 2010-2011 SRI</nter:copyright>
            <nter:copyright xml:lang="es-ES">International de 2010-2011 SRI</nter:copyright>

            <nter:rating xml:lang="en-US" nter:ratingLevel="E (Everyone)" nter:ratingReason="Contains no objectionable or material that could be found in appropriate." />

            <nter:componentRef 
                nter:componentId="tag:nwtp.gov,2010-11-04:/link/to/course18/en-US" 
                nter:orderWeight="1.0" 
            />
            <nter:componentRef 
                nter:componentId="tag:nwtp.gov,2010-11-04:/link/to/cours18/fr-FR" 
                nter:orderWeight="1.0" 
            />
            <nter:componentRef 
                nter:componentId="tag:nwtp.gov,2010-11-07:/link/to/course19/en-US" 
                nter:orderWeight="1.5" 
            />
            <nter:componentRef 
                nter:componentId="tag:nwtp.gov,2010-11-07:/link/to/cours19/fr-FR" 
                nter:orderWeight="1.5" 
            />
            <nter:componentRef 
                nter:componentId="tag:nwtp.gov,2010-11-12:/link/to/course20/en-US" 
                nter:orderWeight="2.5" 
            />
            <nter:componentRef 
                nter:componentId="tag:nwtp.gov,2010-11-29:/link/to/cours20/fr-FR" 
                nter:orderWeight="2.5" 
            />

            <nter:image
                xml:lang="en-US"
                nter:href="http://nwtp.gov/course18-1.png"
                nter:alternateText="page one"
                nter:mimeType="image/png"
                nter:orderWeight="1.0"
            />
            <nter:image
                xml:lang="fr-FR"
                nter:href="http://nwtp.gov/course18-1.png"
                nter:alternateText="page une"
                nter:mimeType="image/png"
                nter:orderWeight="1.0"
            />
            <nter:image
                xml:lang="en-US"
                nter:href="http://nwtp.gov/course18-2.png"
                nter:alternateText="page two"
                nter:mimeType="image/png"
                nter:orderWeight="2.0"
            />
            <nter:image
                xml:lang="fr-FR"
                nter:href="http://nwtp.gov/course18-2.png"
                nter:alternateText="page deux"
                nter:mimeType="image/png"
                nter:orderWeight="2.0"
            />
            <nter:image
                xml:lang="en-US"
                nter:href="http://nwtp.gov/course18-3.png"
                nter:alternateText="page three"
                nter:mimeType="image/png"
                nter:orderWeight="3.0"
            />
            <nter:image
                xml:lang="fr-FR"
                nter:href="http://nwtp.gov/course18-3-fr.png"
                nter:alternateText="page trois"
                nter:mimeType="image/png"
                nter:orderWeight="3.0"
            />

            <nter:keywords xml:lang="en-US">supervising weatherization insulation multi-family single-family</nter:keywords>
            <nter:keywords xml:lang="es-ES">unifamiliar multifamiliar supervisor aislamiento weatherization</nter:keywords>
            
            <nter:requirement nter:requirementType="browser" xml:lang="en-US">IE 6+</nter:requirement>
            <nter:requirement nter:requirementType="browser" xml:lang="en-US">Firefox 4.0 beta</nter:requirement>

        </nter:course>
    </entry>


    <entry xml:lang="en-US" nter:entryType="course-component">
        <title>Course 21</title>
        <link rel="self" href="https://nwtp.gov/course21-en.php"
              nter:displayWidth="1080" nter:displayHeight="750"/>
        <link rel="search" href="https://nwtp.gov/course21-en.php?q=search"/>
        <id>tag:nwtp.gov,2010-12-13:/link/to/course21/en-US</id>
        <updated>2010-12-13T19:57:02Z</updated>
        <author>
            <name>Skip Breidbach</name>
        </author>
        <summary>course twenty one</summary>
		<nter:courseComponent>
			<nter:version>1.0</nter:version>
            <nter:copyright lang="en-US">2010-2011 SRI International</nter:copyright>
		</nter:courseComponent>
    </entry>

    <entry xml:lang="fr-FR" nter:entryType="course-component">
        <title>Cours 21</title>
        <link rel="self" href="https://nwtp.gov/course21.php?lang=fr_FR"
              nter:displayWidth="1080" nter:displayHeight="750"/>
        <link rel="search" href="https://nwtp.gov/course21.php?lang=fr_FR?q=search"/>
        <id>tag:nwtp.gov,2010-12-13:/link/to/cours21/fr-FR</id>
        <updated>2010-12-13T19:59:47Z</updated>
        <author>
            <name>Paula Peters</name>
        </author>
        <summary>cours vingt un</summary>
		<nter:courseComponent>
			<nter:version>1.0</nter:version>
            <nter:copyright lang="en-US">2010-2011 SRI International</nter:copyright>
		</nter:courseComponent>
    </entry>

    <!-- Major update: a new IRI is used. -->
    <entry nter:entryType="course">
        <title>This title will be ignored by NTER in favor of the language specific course titles</title>
        <link rel="self" href="http://example.org/2003/12/13/atom03"/>
        <link rel="search" href="http://example.org/2003/12/13/atom03?q=search"/>
        <id>tag:nwtp.gov,2010-12-13:/courses/7990daed-9e79-4e7c-99a7-bbe8f88d9b64</id>
        <updated>2010-12-13T20:09:23Z</updated>
        <author>
            <name>Robby Bailey</name>
            <nter:vcard>begin:vcard&#13;&#10;fn:Robby Bailey&#13;&#10;version:2.1&#13;&#10;end:vcard</nter:vcard>
        </author>
        <contributor>
            <name>Pam Griffith</name>
        </contributor>
        <contributor>
            <name>Paula Peters</name>
        </contributor>
        <contributor>
            <name>Gabriel Jiva</name>
            <nter:vcard>begin:vcard&#13;&#10;fn:Gabriel Jiva&#13;&#10;n:Jiva;Gabriel&#13;&#10;org:SRI;SWEP&#13;&#10;adr:;;450 8th Ave SE;St Petersburg;FL;33701;USA&#13;&#10;email;internet:gabriel.jiva@sri.com&#13;&#10;title:Software Engineer&#13;&#10;tel;work:727-553-3539&#13;&#10;url:http://www.sri.com&#13;&#10;version:2.1&#13;&#10;end:vcard</nter:vcard>
        </contributor>
        <contributor>
            <name>Skip Breidbach</name>
        </contributor>
        <summary>Some text that is currently not used by NTER.</summary>
        <nter:course>
			<nter:version>1</nter:version>
            <nter:title xml:lang="en-US">Supervising weatherization measures: Insulation</nter:title>
            <nter:title xml:lang="fr-FR">Mesures surveillées de weatherization : Isolation</nter:title>
            <nter:title xml:lang="es-ES">Medidas supervisoras del weatherization: Aislamiento</nter:title>

            <nter:transcriptAbstract xml:lang="en-US">This course covers single-family, multi-family, and mobile home insulation.</nter:transcriptAbstract>
            <nter:transcriptAbstract xml:lang="fr-FR">Ce cours couvre l'isolation unifamiliale, multifamiliale, et de caravane résidentielle.</nter:transcriptAbstract>

            <nter:description xml:lang="en-US">This course covers single-family, multi-family, and mobile home insulation.</nter:description>
            <nter:description xml:lang="fr-FR">Ce cours couvre l'isolation unifamiliale, multifamiliale, et de caravane résidentielle.</nter:description>
            <nter:description xml:lang="es-ES">Este curso cubre el aislamiento unifamiliar, multifamiliar, y de la caravana.</nter:description>

            <nter:copyright xml:lang="en-US">2010-2011 SRI International</nter:copyright>
            <nter:copyright xml:lang="fr-FR">International de 2010-2011 SRI</nter:copyright>
            <nter:copyright xml:lang="es-ES">International de 2010-2011 SRI</nter:copyright>

            <nter:rating xml:lang="en-US" nter:ratingLevel="E (Everyone)" nter:ratingReason="Contains no objectionable or material that could be found in appropriate." />

            <nter:componentRef 
                nter:componentId="tag:nwtp.gov,2010-11-07:/link/to/course19/en-US" 
                nter:orderWeight="1.5"/>
            <nter:componentRef 
                nter:componentId="tag:nwtp.gov,2010-11-07:/link/to/cours19/fr-FR" 
                nter:orderWeight="1.5"/>
            <nter:componentRef 
                nter:componentId="tag:nwtp.gov,2010-11-12:/link/to/course20/en-US" 
                nter:orderWeight="2.5" />
            <nter:componentRef 
                nter:componentId="tag:nwtp.gov,2010-11-29:/link/to/cours20/fr-FR" 
                nter:orderWeight="2.5" />
            <nter:componentRef 
                nter:componentId="tag:nwtp.gov,2010-12-13:/link/to/course21/en-US" 
                nter:orderWeight="3.5" />
            <nter:componentRef 
                nter:componentId="tag:nwtp.gov,2010-12-13:/link/to/cours21/fr-FR" 
                nter:orderWeight="3.5" />

            <nter:image
                xml:lang="en-US"
                nter:href="http://nwtp.gov/course18-1.png"
                nter:alternateText="page one"
                nter:mimeType="image/png"
                nter:orderWeight="1.0"/>
            <nter:image
                xml:lang="fr-FR"
                nter:href="http://nwtp.gov/course18-1.png"
                nter:alternateText="page une"
                nter:mimeType="image/png"
                nter:orderWeight="1.0"/>
            <nter:image
                xml:lang="en-US"
                nter:href="http://nwtp.gov/course18-2.png"
                nter:alternateText="page two"
                nter:mimeType="image/png"
                nter:orderWeight="2.0"/>
            <nter:image
                xml:lang="fr-FR"
                nter:href="http://nwtp.gov/course18-2.png"
                nter:alternateText="page deux"
                nter:mimeType="image/png"
                nter:orderWeight="2.0"/>
            <nter:image
                xml:lang="en-US"
                nter:href="http://nwtp.gov/course18-3.png"
                nter:alternateText="page three"
                nter:mimeType="image/png"
                nter:orderWeight="3.0"/>
            <nter:image
                xml:lang="fr-FR"
                nter:href="http://nwtp.gov/course18-3-fr.png"
                nter:alternateText="page trois"
                nter:mimeType="image/png"
                nter:orderWeight="3.0"/>
  
            <nter:keywords xml:lang="en-US">supervising weatherization insulation multi-family single-family</nter:keywords>
            <nter:keywords xml:lang="es-ES">unifamiliar multifamiliar supervisor aislamiento weatherization</nter:keywords>

            <nter:related
                nter:relationship="supersedes"
                nter:relatedEntryId="tag:nwtp.gov,2010-10-04:/courses/9de58cd0-3baf-46c3-b0dd-f9c781c07e28"/>
            
            <nter:requirement nter:requirementType="browser" xml:lang="en-US">IE 6+</nter:requirement>
            <nter:requirement nter:requirementType="browser" xml:lang="en-US">Firefox 4.0 beta</nter:requirement>

        </nter:course>
    </entry>

</feed>

