<?xml version="1.0" encoding="utf-8"?>

<!--
  ~ National Training and Education Resource (NTER)
  ~ Copyright (C) 2011  SRI International
  ~
  ~ This program is free software; you can redistribute it and/or modify
  ~ it under the terms of the GNU General Public License as published by
  ~ the Free Software Foundation; either version 2 of the License, or (at
  ~ your option) any later version.
  ~
  ~ This program is distributed in the hope that it will be useful, but
  ~ WITHOUT ANY WARRANTY; without even the implied warranty of
  ~ MERCHANTABILITY or FITNESS FOR A PARTICULAR PURPOSE.  See the GNU
  ~ General Public License for more details.
  ~
  ~ You should have received a copy of the GNU General Public License
  ~ along with this program; if not, write to the Free Software
  ~ Foundation, Inc., 51 Franklin Street, Fifth Floor, Boston, MA
  ~ 02110-1301, USA.
  -->
  
<feed xmlns="http://www.w3.org/2005/Atom"
      xmlns:nter="http://nterlearning.org/xml/feeds/atom-extensions-schema_0.6.3.xsd"
      xmlns:at="http://purl.org/atompub/tombstones/1.0">

    <!-- NOTE: this feed has INTENTIONAL ERRORS to validate processing works correctly.
               It depends on the target courses and links mentioned in it 
               being available in the database.  To enter these in the database,
               parse the sample-course-atom-feed available in the same directory as this file. -->
    <title>Student Records Feed</title>
    <link rel="self" href="test-0.6.3-student-records-atom-feed-student-errors.xml" type="application/atom+xml"/>
    <author>
        <uri>nwtp.gov</uri>
    </author>
    <updated>2011-02-021T18:52:00Z</updated>
    <id>tag:nwtp.gov,2011-02-02:/feeds/TESTserr01-sr01-11d9-b93C-0003939e0af6</id>



<!-- check valid user with non-existing course-->
    <!-- Record for a course -->
    <entry nter:entryType="course-record">
        <title/>
        <id>tag:nwtp.gov,2011-02-02:/records/TESTserr03-cr01-ONE-C38A-C97D87AF8AA2</id>
        <updated>2011-02-02T13:30:02Z</updated>
        <content/>
        <nter:courseRecord
                nter:studentUserId="test@nter.com"
                nter:courseId="tag:nwtp.gov,2010-01-01:/courses/BADpointerTOaCOURSE"
                nter:progress="In Progress"
                nter:assigned="false"
                >
            <nter:componentRecord
                    nter:componentId="tag:nwtp.gov,2010-01-01:/link/to/component/BADpointerTOaCOMPONENT/en-US"
                    nter:completionPercent="10"
                    nter:progress="In Progress"
                    nter:progressDate="2010-11-01T13:30:02Z"
                    />
        </nter:courseRecord>
    </entry>

    <!-- check  entries with  unknown users for same course-->
    <!-- Record for a course -->
    <entry nter:entryType="course-record">
        <title/>
        <id>tag:nwtp.gov,2011-02-02:/records/TESTserr01-cr01-UNK-C38A-C97D87AF8AA2</id>
        <updated>2011-02-02T13:30:02Z</updated>
        <content/>
        <nter:courseRecord 
            nter:studentUserId="unknown1@nter.com"
            nter:courseId="tag:nwtp.gov,2010-01-01:/courses/TESTserr01-cfb8-4ebb-aaaa-80da344efa6a"
            nter:progress="In Progress"
            nter:assigned="false"
        />
    </entry>
        <entry nter:entryType="course-record">
        <title/>
        <id>tag:nwtp.gov,2011-02-02:/records/TESTserr01-cr02-UNK-C38A-C97D87AF8AA2</id>
        <updated>2011-02-02T13:30:02Z</updated>
        <content/>
        <nter:courseRecord 
            nter:studentUserId="unknown2@nter.com"
            nter:courseId="tag:nwtp.gov,2010-01-01:/courses/TESTserr01-cfb8-4ebb-aaaa-80da344efa6a"
            nter:progress="In Progress"
            nter:assigned="false"
        >
            <nter:componentRecord
                    nter:componentId="tag:nwtp.gov,2010-01-01:/link/to/test-component-unknown2/en-US"
                    nter:completionPercent="40"
                    nter:progress="In Progress"
                    nter:progressDate="2011-02-01T13:30:02Z"
                    />
        </nter:courseRecord>
    </entry>

    <!-- intentional update date error for courseRecord so entry  fails-->
    <at:deleted-entry
            nter:entryType="course-record"
            nter:courseId="tag:nwtp.gov,2010-10-04:/courses/TEST-course-error-entry3-f9c781c07e28"
            ref="tag:nwtp.gov,2010-10-04:/records/TBD_course_record_iri3"
            when="9999-99-99T12:00:00Z"/>
    <!-- verify courseRecord process continues after errors -->
    <at:deleted-entry
            nter:entryType="course-record"
            nter:courseId="tag:nwtp.gov,2010-10-04:/courses/TEST-course-error-entry4-f9c781c07e28"
            ref="tag:nwtp.gov,2010-10-04:/records/TBD_course_record_iri4"
            when="2011-03-08T12:00:00Z"/>

</feed>
