<?xml version="1.0" encoding="utf-8"?>

<!--
  ~ National Training and Education Resource (NTER)
  ~ Copyright (C) 2011  SRI International
  ~
  ~ This program is free software; you can redistribute it and/or modify
  ~ it under the terms of the GNU General Public License as published by
  ~ the Free Software Foundation; either version 2 of the License, or (at
  ~ your option) any later version.
  ~
  ~ This program is distributed in the hope that it will be useful, but
  ~ WITHOUT ANY WARRANTY; without even the implied warranty of
  ~ MERCHANTABILITY or FITNESS FOR A PARTICULAR PURPOSE.  See the GNU
  ~ General Public License for more details.
  ~
  ~ You should have received a copy of the GNU General Public License
  ~ along with this program; if not, write to the Free Software
  ~ Foundation, Inc., 51 Franklin Street, Fifth Floor, Boston, MA
  ~ 02110-1301, USA.
  -->

        
<!--
This test feed is designed to test NTER's ability to handle feeds that have
missing courses or course components.  This test case is only for the unique
feeds that will always return a complete set of components (such as NWTP).

test-0.6.2-course-atom-feed-MissingTest-0.xml : has a full listing of courses
test-0.6.2-course-atom-feed-MissingTest-1.xml : contains missing courses

To test:
1.  Process -0, verify that three courses have been added
2.  Process -1, verify that one of the courses and course component have been
        removed.  This should be done via the database manager.
-->
<feed xmlns="http://www.w3.org/2005/Atom"
      xmlns:nter="http://nterlearning.org/xml/feeds/atom-extensions-schema_0.6.3.xsd"
      xmlns:at="http://purl.org/atompub/tombstones/1.0"
      xmlns:fh="http://purl.org/syndication/history/1.0">

    <title>Course Feed</title>
    <link rel="self" href="test-0.6.3-course-atom-feed-MissingTest-1.xml" type="application/atom+xml"/>
    <updated>2010-12-13T22:52:00Z</updated>
    <id>tag:nwtp.gov,2010-10-04:/feeds/d20e8415-2be8-4ffe-b97f-0696b7168a69</id>

    <fh:complete />

    <entry xml:lang="en-US" nter:entryType="course-component">
        <title>Course 18</title>
        <link rel="self" href="https://nwtp.gov/course18-en.php"
              nter:displayWidth="334" nter:displayHeight="189"/>
        <link rel="search" href="https://nwtp.gov/course18-en.php?q=search"/>
        <id>tag:nwtp.gov,2010-11-04:/link/to/course18/en-US</id>
        <updated>2010-11-13T18:30:02Z</updated>
        <author>
            <name>Robby Bailey</name>
        </author>
        <summary>course eighteen</summary>
		<nter:courseComponent>
			<nter:version>1</nter:version>
            <nter:copyright lang="en-US">2010-2011 SRI International</nter:copyright>
		</nter:courseComponent>
    </entry>

    <entry xml:lang="en-US" nter:entryType="course-component">
        <title>Course 19</title>
        <link rel="self" href="https://nwtp.gov/course19.php"
              nter:displayWidth="444" nter:displayHeight="204"></link>
        <link rel="search" href="https://nwtp.gov/course19.php?q=search"/>
        <id>tag:nwtp.gov,2010-11-07:/link/to/course19/en-US</id>
        <updated>2010-11-13T08:30:59Z</updated>
        <author>
            <name>Pam Griffith</name>
        </author>
        <summary>course nineteen</summary>
		<nter:courseComponent>
			<nter:version>1</nter:version>
            <nter:copyright lang="en-US">2010-2011 SRI International</nter:copyright>
		</nter:courseComponent>
    </entry>

    <entry xml:lang="en-US" nter:entryType="course-component">
        <title>Course 20</title>
        <link rel="self"  href="https://nwtp.gov/course20.php"
              nter:displayWidth="433" nter:displayHeight="197"/>
        <link rel="search"  href="https://nwtp.gov/course20.php?q=search"/>
        <id>tag:nwtp.gov,2010-11-12:/link/to/course20/en-US</id>
        <updated>2010-11-03T01:03:02Z</updated>
        <author>
            <name>Gabriel Jiva</name>
        </author>
        <summary>course twenty</summary>
		<nter:courseComponent>
			<nter:version>1</nter:version>
            <nter:copyright lang="en-US">2010-2011 SRI International</nter:copyright>
		</nter:courseComponent>
    </entry>

    <!--
    <entry nter:entryType="course">
        <title>This title will be ignored by NTER in favor of the language specific course titles</title>
        <link href="http://example.org/2003/12/13/atom03"/>
        <id>tag:nwtp.gov,2010-10-04:/courses/5954452b-e0ab-4099-9ffb-9666aeabd470</id>
        <updated>2010-11-20T18:30:02Z</updated>
        <author>
            <name>Robby Bailey</name>
            <nter:vcard>begin:vcard&#13;&#10;fn:Robby Bailey&#13;&#10;version:2.1&#13;&#10;end:vcard</nter:vcard>
        </author>
        <contributor>
            <name>Pam Griffith</name>
        </contributor>
        <contributor>
            <name>Paula Peters</name>
        </contributor>
        <contributor>
            <name>Gabriel Jiva</name>
            <nter:vcard>begin:vcard&#13;&#10;fn:Gabriel Jiva&#13;&#10;n:Jiva;Gabriel&#13;&#10;org:SRI;SWEP&#13;&#10;adr:;;450 8th Ave SE;St Petersburg;FL;33701;USA&#13;&#10;email;internet:gabriel.jiva@sri.com&#13;&#10;title:Software Engineer&#13;&#10;tel;work:727-553-3539&#13;&#10;url:http://www.sri.com&#13;&#10;version:2.1&#13;&#10;end:vcard</nter:vcard>
        </contributor>
        <summary>Some text that is currently not used by NTER.</summary>
        <nter:course>
			<nter:version>1</nter:version>
            <nter:title xml:lang="en-US">Supervising weatherization measures: Insulation</nter:title>
            <nter:title xml:lang="fr-FR">Mesures surveillées de weatherization : Isolation</nter:title>
            <nter:title xml:lang="es-ES">Medidas supervisoras del weatherization: Aislamiento</nter:title>

            <nter:transcriptAbstract xml:lang="en-US">This course covers single-family, multi-family, and mobile home insulation.</nter:transcriptAbstract>
            <nter:transcriptAbstract xml:lang="fr-FR">Ce cours couvre l'isolation unifamiliale, multifamiliale, et de caravane résidentielle.</nter:transcriptAbstract>

            <nter:description xml:lang="en-US">This course covers single-family, multi-family, and mobile home insulation.</nter:description>
            <nter:description xml:lang="fr-FR">Ce cours couvre l'isolation unifamiliale, multifamiliale, et de caravane résidentielle.</nter:description>
            <nter:description xml:lang="es-ES">Este curso cubre el aislamiento unifamiliar, multifamiliar, y de la caravana.</nter:description>

            <nter:copyright xml:lang="en-US">2010-2011 SRI International</nter:copyright>
            <nter:copyright xml:lang="fr-FR">International de 2010-2011 SRI</nter:copyright>
            <nter:copyright xml:lang="es-ES">International de 2010-2011 SRI</nter:copyright>

            <nter:rating xml:lang="en-US" nter:ratingLevel="E (Everyone)" nter:ratingReason="Contains no objectionable or material that could be found in appropriate." />

            <nter:componentRef
                nter:componentId="tag:nwtp.gov,2010-11-04:/link/to/course18/en-US"
                nter:orderWeight="1.0" />
            <nter:componentRef
                nter:componentId="tag:nwtp.gov,2010-11-07:/link/to/course19/en-US"
                nter:orderWeight="1.5" />
            <nter:componentRef
                nter:componentId="tag:nwtp.gov,2010-11-12:/link/to/course20/en-US"
                nter:orderWeight="2.5" />

            <nter:image
                xml:lang="en-US"
                nter:href="http://nwtp.gov/course18-1.png"
                nter:alternateText="page one"
                nter:mimeType="image/png"
                nter:orderWeight="1.0"/>
            <nter:image
                xml:lang="en-US"
                nter:href="http://nwtp.gov/course18-2.png"
                nter:alternateText="page two"
                nter:mimeType="image/png"
                nter:orderWeight="2.0"/>
            <nter:image
                xml:lang="en-US"
                nter:href="http://nwtp.gov/course18-3.png"
                nter:alternateText="page three"
                nter:mimeType="image/png"
                nter:orderWeight="3.0"/>

            <nter:keywords xml:lang="en-US">supervising weatherization insulation multi-family single-family</nter:keywords>

            <nter:requirement nter:requirementType="browser" xml:lang="en-US">IE 6+</nter:requirement>
            <nter:requirement nter:requirementType="browser" xml:lang="en-US">Firefox 4.0 beta</nter:requirement>

        </nter:course>
    </entry>
    -->
</feed>