<?xml version="1.0" encoding="utf-8"?>

<!--
  ~ National Training and Education Resource (NTER)
  ~ Copyright (C) 2011  SRI International
  ~
  ~ This program is free software; you can redistribute it and/or modify
  ~ it under the terms of the GNU General Public License as published by
  ~ the Free Software Foundation; either version 2 of the License, or (at
  ~ your option) any later version.
  ~
  ~ This program is distributed in the hope that it will be useful, but
  ~ WITHOUT ANY WARRANTY; without even the implied warranty of
  ~ MERCHANTABILITY or FITNESS FOR A PARTICULAR PURPOSE.  See the GNU
  ~ General Public License for more details.
  ~
  ~ You should have received a copy of the GNU General Public License
  ~ along with this program; if not, write to the Free Software
  ~ Foundation, Inc., 51 Franklin Street, Fifth Floor, Boston, MA
  ~ 02110-1301, USA.
  -->

<feed xmlns="http://www.w3.org/2005/Atom"
      xmlns:nter="http://nterlearning.org/xml/feeds/atom-extensions-schema_0.6.3.xsd">

    <!-- Test for price update processing. -->


    <title>Course Feed</title>
    <link rel="self" href="test-0.6.3-course-atom-feed-price-0.xml" type="application/atom+xml"/>
    <updated>2011-01-14T22:52:00Z</updated>
    <id>tag:nwtp.gov,2011-01-14:/feeds/test-price-only-change</id>

	<!-- Test for no price then price-only update processing. -->
	<entry xml:lang="en-US" nter:entryType="course-component">
        <title>motor</title>
        <link rel="self" href="https://nwtp.gov/component-motor.php"
              nter:displayWidth="334" nter:displayHeight="189"/>
        <link rel="search" href="https://nwtp.gov/component-motor.php?q=search"/>
        <id>tag:nwtp.gov,2011-01-14:/link/to/component-motor/en-US</id>
        <updated>2011-01-14T18:30:02Z</updated>
        <author>
            <name>Paula Peters</name>
        </author>
        <summary>Test Component Motor</summary>
        <nter:copyright lang="en-US">2010-2011 SRI International</nter:copyright>
		<nter:courseComponent>
			<nter:version>zero</nter:version>
            <nter:copyright lang="en-US">2010-2011 SRI International</nter:copyright>
		</nter:courseComponent>
    </entry>
 

    <entry nter:entryType="course">
        <title>This title will be ignored by NTER in favor of the language specific course titles</title>
        <link rel="self" href="http://example.org/2003/12/13/atom03"/>
        <link rel="search" href="http://example.org/2003/12/13/atom03?q=search"/>
        <id>tag:nwtp.gov,2011-01-14:/courses/test-boat-parts</id>
        <updated>2011-01-14T18:30:02Z</updated>
        <author>
            <name>Paula Peters</name>
        </author>
        <contributor>
            <name>Pam Griffith</name>
        </contributor>
        <summary>Some text that is currently not used by NTER.</summary>
        <nter:course>
			<nter:version>zero</nter:version>
            <nter:duration nter:durationStandard="ISO8601:2000">P2DT3H15M</nter:duration>

            <nter:title xml:lang="en-US">Test Course Boat Parts</nter:title>

            <nter:transcriptAbstract xml:lang="en-US">Boat parts</nter:transcriptAbstract>

            <nter:description xml:lang="en-US">Boat parts</nter:description>

            <nter:copyright xml:lang="en-US">2010-2011 SRI</nter:copyright>

            <nter:rating xml:lang="en-US" nter:ratingLevel="U (Unknown)" nter:ratingReason="Not yet rated" />

            <nter:componentRef 
                nter:componentId="tag:nwtp.gov,2011-01-14:/link/to/component-motor/en-US"
                nter:orderWeight="1.0" 
            />

            <nter:image
                xml:lang="en-US"
                nter:href="http://nwtp.gov/courseBoatParts1.png"
                nter:alternateText="Boat part motor"
                nter:mimeType="image/png"
                nter:orderWeight="1.0"
            />

            <nter:keywords xml:lang="en-US">boat motor  </nter:keywords>
            <nter:requirement nter:requirementType="browser" xml:lang="en-US">Firefox 3</nter:requirement>
            
        </nter:course>
    </entry>

	<!-- Test for price then price-only update processing. -->
	<entry xml:lang="en-US" nter:entryType="course-component">
        <title>engine</title>
        <link rel="self" href="https://nwtp.gov/component-engine.php"
              nter:displayWidth="334" nter:displayHeight="189"/>
        <link rel="search" href="https://nwtp.gov/component-engine.php?q=search"/>
        <id>tag:nwtp.gov,2011-01-14:/link/to/component-engine/en-US</id>
        <updated>2011-01-14T18:30:02Z</updated>
        <author>
            <name>Paula Peters</name>
        </author>
        <summary>Test Component Engine</summary>
		<nter:courseComponent>
			<nter:version>zero</nter:version>
			<nter:price nter:value="19.99" nter:unit="USD" nter:terms="unlimited" nter:expiration="none"/>
            <nter:copyright lang="en-US">2010-2011 SRI International</nter:copyright>
		</nter:courseComponent>
    </entry>
 

    <entry nter:entryType="course">
        <title>This title will be ignored by NTER in favor of the language specific course titles</title>
        <link rel="self" href="http://example.org/2003/12/13/atom03"/>
        <link rel="search" href="http://example.org/2003/12/13/atom03?q=search"/>
        <id>tag:nwtp.gov,2011-01-14:/courses/test-truck-parts</id>
        <updated>2011-01-14T18:30:02Z</updated>
        <author>
            <name>Paula Peters</name>
        </author>
        <contributor>
            <name>Pam Griffith</name>
        </contributor>
        <summary>Some text that is currently not used by NTER.</summary>
        <nter:course>
			<nter:version>zero</nter:version>
            <nter:duration nter:durationStandard="ISO8601:2000">P2DT3H15M</nter:duration>

            <nter:title xml:lang="en-US">Test Course Truck Parts</nter:title>

            <nter:transcriptAbstract xml:lang="en-US">Truck parts</nter:transcriptAbstract>

            <nter:description xml:lang="en-US">Truck parts</nter:description>

            <nter:copyright xml:lang="en-US">2010-2011 SRI</nter:copyright>

            <nter:rating xml:lang="en-US" nter:ratingLevel="U (Unknown)" nter:ratingReason="Not yet rated" />

            <nter:componentRef 
                nter:componentId="tag:nwtp.gov,2011-01-14:/link/to/component-engine/en-US"
                nter:orderWeight="1.0" 
            />

            <nter:image
                xml:lang="en-US"
                nter:href="http://nwtp.gov/courseTruckParts1.png"
                nter:alternateText="Truck part engine"
                nter:mimeType="image/png"
                nter:orderWeight="1.0"
            />

            <nter:keywords xml:lang="en-US">truck engine  </nter:keywords>
            <nter:requirement nter:requirementType="browser" xml:lang="en-US">Firefox 3</nter:requirement>
			<nter:price nter:value="29.99" nter:unit="USD" nter:terms="unlimited" nter:expiration="none"/>
            
        </nter:course>
    </entry>
	
	<!-- Test for price then price and meta-data changes update processing. -->
    <entry xml:lang="en-US" nter:entryType="course-component">
        <title>wheel</title>
        <link rel="self" href="https://nwtp.gov/component-wheel.php"
              nter:displayWidth="334" nter:displayHeight="189"/>
        <link rel="search" href="https://nwtp.gov/component-wheel.php?q=search"/>
        <id>tag:nwtp.gov,2011-01-14:/link/to/component-wheel/en-US</id>
        <updated>2011-01-14T18:30:02Z</updated>
        <author>
            <name>Paula Peters</name>
        </author>
        <summary>Test Component Wheel</summary>
		<nter:courseComponent>
			<nter:version>zero</nter:version>
			<nter:price nter:value="50.00" nter:unit="USD" nter:terms="trial" nter:expiration="30 days"/>
            <nter:copyright lang="en-US">2010-2011 SRI International</nter:copyright>
		</nter:courseComponent>
    </entry>
 
    <entry xml:lang="en-US" nter:entryType="course-component">
        <title>seat</title>
        <link rel="self" href="https://nwtp.gov/component-seat.php"
              nter:displayWidth="334" nter:displayHeight="189"/>
        <link rel="search" href="https://nwtp.gov/component-seat.php?q=search"/>
        <id>tag:nwtp.gov,2011-01-14:/link/to/component-seat/en-US</id>
        <updated>2011-01-14T18:30:02Z</updated>
        <author>
            <name>Paula Peters</name>
        </author>
        <summary>Test Component Seat</summary>
		<nter:courseComponent>
			<nter:version>zero</nter:version>
			<nter:price nter:value="25.00" nter:unit="USD" />
            <nter:copyright lang="en-US">2010-2011 SRI International</nter:copyright>
		</nter:courseComponent>
    </entry>

    <entry xml:lang="en-US" nter:entryType="course-component">
        <title>window</title>
        <link rel="self" href="https://nwtp.gov/component-window.php"
              nter:displayWidth="334" nter:displayHeight="189"/>
        <link rel="search" href="https://nwtp.gov/component-window.php?q=search"/>
        <id>tag:nwtp.gov,2011-01-14:/link/to/component-window/en-US</id>
        <updated>2011-01-14T18:30:02Z</updated>
        <author>
            <name>Paula Peters</name>
        </author>
        <summary>Test Component Window</summary>
		<nter:courseComponent>
			<nter:version>zero</nter:version>
			<nter:price nter:value="99.99" nter:unit="USD" />
            <nter:copyright lang="en-US">2010-2011 SRI International</nter:copyright>
		</nter:courseComponent>
    </entry>
	
    <entry xml:lang="en-US" nter:entryType="course-component">
        <title>brake</title>
        <link rel="self" href="https://nwtp.gov/component-brake.php"
              nter:displayWidth="334" nter:displayHeight="189"/>
        <link rel="search" href="https://nwtp.gov/component-brake.php?q=search"/>
        <id>tag:nwtp.gov,2011-01-14:/link/to/component-brake/en-US</id>
        <updated>2011-01-14T18:30:02Z</updated>
        <author>
            <name>Paula Peters</name>
        </author>
        <summary>Test Component Brake</summary>
		<nter:courseComponent>
			<nter:version>zero</nter:version>
			<nter:price nter:value="75.00" />
            <nter:copyright lang="en-US">2010-2011 SRI International</nter:copyright>
		</nter:courseComponent>
    </entry>

    <entry nter:entryType="course">
        <title>This title will be ignored by NTER in favor of the language specific course titles</title>
        <link rel="self" href="http://example.org/2003/12/13/atom03"/>
        <link rel="search" href="http://example.org/2003/12/13/atom03?q=search"/>
        <id>tag:nwtp.gov,2011-01-14:/courses/test-car-parts</id>
        <updated>2011-01-14T18:30:02Z</updated>
        <author>
            <name>Paula Peters</name>
        </author>
        <contributor>
            <name>Pam Griffith</name>
        </contributor>
        <summary>Some text that is currently not used by NTER.</summary>
        <nter:course>
			<nter:version>zero</nter:version>
            <nter:duration nter:durationStandard="ISO8601:2000">P2DT3H15M</nter:duration>

            <nter:title xml:lang="en-US">Car Parts</nter:title>

            <nter:transcriptAbstract xml:lang="en-US">car parts</nter:transcriptAbstract>

            <nter:description xml:lang="en-US">car parts</nter:description>

            <nter:copyright xml:lang="en-US">2010-2011 SRI</nter:copyright>

            <nter:rating xml:lang="en-US" nter:ratingLevel="U (Unknown)" nter:ratingReason="Not yet rated" />

            <nter:componentRef 
                nter:componentId="tag:nwtp.gov,2011-01-14:/link/to/component-wheel/en-US"
                nter:orderWeight="1.0"
				nter:paymentRequired="false"
            />
			<nter:componentRef 
                nter:componentId="tag:nwtp.gov,2011-01-14:/link/to/component-brake/en-US"
                nter:orderWeight="2.0" 
				nter:paymentRequired="true"
            />
			<nter:componentRef 
                nter:componentId="tag:nwtp.gov,2011-01-14:/link/to/component-seat/en-US"
                nter:orderWeight="3.0"
                nter:paymentRequired="true"				
            />
			<nter:componentRef 
                nter:componentId="tag:nwtp.gov,2011-01-14:/link/to/component-window/en-US"
                nter:orderWeight="4.0" 
            />

            <nter:image
                xml:lang="en-US"
                nter:href="http://nwtp.gov/courseCarParts1.png"
                nter:alternateText="Car part wheel"
                nter:mimeType="image/png"
                nter:orderWeight="1.0"
            />

            <nter:keywords xml:lang="en-US">car wheel </nter:keywords>
            <nter:requirement nter:requirementType="browser" xml:lang="en-US">Firefox 3</nter:requirement>
			<nter:price nter:value="300.00" nter:unit="USD" nter:terms="unlimited" nter:expiration="none"/>

        </nter:course>
    </entry>

</feed>

