<?xml version="1.0" encoding="utf-8"?>

<!--
  ~ National Training and Education Resource (NTER)
  ~ Copyright (C) 2011  SRI International
  ~
  ~ This program is free software; you can redistribute it and/or modify
  ~ it under the terms of the GNU General Public License as published by
  ~ the Free Software Foundation; either version 2 of the License, or (at
  ~ your option) any later version.
  ~
  ~ This program is distributed in the hope that it will be useful, but
  ~ WITHOUT ANY WARRANTY; without even the implied warranty of
  ~ MERCHANTABILITY or FITNESS FOR A PARTICULAR PURPOSE.  See the GNU
  ~ General Public License for more details.
  ~
  ~ You should have received a copy of the GNU General Public License
  ~ along with this program; if not, write to the Free Software
  ~ Foundation, Inc., 51 Franklin Street, Fifth Floor, Boston, MA
  ~ 02110-1301, USA.
  -->

<feed xmlns="http://www.w3.org/2005/Atom"
      xmlns:nter="http://nterlearning.org/xml/feeds/atom-extensions-schema_0.6.3.xsd">

    <!-- Test series for out of order course and component entry. -->
    <!-- Feed zero loads Course.  -->
    <!-- Feed one loads Components.-->
    <!-- Verify parser does cleanup so that CATALOG_Courses_Components entity ID assignments correct. -->


    <title>Course Feed</title>
    <link rel="self" href="test-0.6.3-course-atom-feed-outoforder-0.xml" type="application/atom+xml"/>
    <updated>2011-03-22T22:55:00Z</updated>
    <id>tag:nwtp.gov,2010-10-04:/feeds/testOOO-a123-11d9-b93C-0003939e0af6</id>

    <entry nter:entryType="course">
        <title>This title will be ignored by NTER in favor of the language specific course titles</title>
        <link rel="self" href="http://example.org/2003/12/13/atom03"/>
        <link rel="search" href="http://example.org/2003/12/13/atom03?q=search"/>
        <id>tag:nwtp.gov,2010-10-04:/courses/testOOO-0001-4ebb-aaaa-80da344efa6a</id>
        <updated>2011-03-22T18:30:02Z</updated>
        <author>
            <name>Paula Peters</name>
            <nter:vcard>begin:vcard&#13;&#10;fn:Paula Peters&#13;&#10;version:1.1&#13;&#10;end:vcard</nter:vcard>
        </author>

        <summary>Some text that is currently not used by NTER.</summary>
        <nter:course>
            <nter:version>1</nter:version>
			<nter:duration nter:durationStandard="ISO8601:2000">P2DT3H15M</nter:duration>

            <nter:title xml:lang="en-US">Cats</nter:title>

            <nter:transcriptAbstract xml:lang="en-US">Learn how cats spend their day.</nter:transcriptAbstract>
 
            <nter:description xml:lang="en-US">Learn how cats spend their day.</nter:description>

            <nter:copyright xml:lang="en-US">2010-2011 SRI</nter:copyright>

            <nter:rating xml:lang="en-US" nter:ratingLevel="U (Unknown)" nter:ratingReason="Not yet rated" />

            <nter:componentRef 
                nter:componentId="tag:nwtp.gov,2010-11-05:/link/to/course-CAT-activities/en-US"
                nter:orderWeight="1.0" 
            />
 
            <nter:image
                xml:lang="en-US"
                nter:href="http://nwtp.gov/course18-1.png"
                nter:alternateText="page one"
                nter:mimeType="image/png"
                nter:orderWeight="1.0"
            />
            <nter:keywords xml:lang="en-US">cat sleep eat hunt</nter:keywords>

            <nter:requirement nter:requirementType="browser" xml:lang="en-US">IE 6+</nter:requirement>
            
        </nter:course>
    </entry>


</feed>

