<?xml version="1.0" encoding="utf-8"?>
<feed xmlns="http://www.w3.org/2005/Atom"
      xmlns:nter="http://nterlearning.org/xml/feeds/atom-extensions-schema_0.6.3.xsd">

    <!-- Sample feed to test intentional feed issue: multiple types course and courseRecord in same feed -->
    <!-- Feed should FAIL and a SYNC MESSAGE explaining why should exist -->

    <title>Course Feed</title>
    <link rel="self" href="test-0.6.3-course-atom-feed-errors1.xml" type="application/atom+xml"/>
    <updated>2010-07-01T22:52:00Z</updated>
    <id>tag:nwtp.gov,2010-07-01:/feeds/TESTERRORS-0001-11d9-b93C-0003939e0af6</id>

     <!-- Course entry-->
    <entry nter:entryType="course">
        <title>This title will be ignored by NTER in favor of the language specific course titles</title>
        <link rel="self" href="http://example.org/2003/12/13/atom03"/>
        <link rel="search"  href="http://example.org/2003/12/13/atom03?q=search"/>
        <id>tag:nwtp.gov,2010-01-01:/courses/TEST-course-error-entry1-80da344efa6a</id>
        <updated>2010-01-01T18:30:02Z</updated>
        <author>
            <name>Robby Bailey</name>
            <nter:vcard>begin:vcard&#13;&#10;fn:Robby Bailey&#13;&#10;version:2.1&#13;&#10;end:vcard</nter:vcard>
        </author>
        <summary>Some text that is currently not used by NTER.</summary>
        <nter:course>
			<nter:version>1</nter:version>
            <nter:duration nter:durationStandard="ISO8601:2000">PT3H15M</nter:duration>

            <nter:title xml:lang="en-US">Test Course Error Entry 1</nter:title>

            <nter:transcriptAbstract xml:lang="en-US">Test Course Error Entry 1 abstract</nter:transcriptAbstract>

            <nter:description xml:lang="en-US">Test Course Error Entry 1 description</nter:description>

            <nter:copyright xml:lang="en-US">2010 SRI International</nter:copyright>

            <nter:rating xml:lang="en-US" nter:ratingLevel="Adult, 45+"
                         nter:ratingReason="inappropriate test language"/>

            <nter:componentRef
                    nter:componentId="tag:nwtp.gov,2010-01-01:/link/to/test-component-error/en-US"
                    nter:orderWeight="1.0"
                    />

            <nter:image
                    xml:lang="en-US"
                    nter:href="http://nwtp.gov/course15-1.png"
                    nter:alternateText="page one"
                    nter:mimeType="image/png"
                    nter:orderWeight="1.0"
                    />
            <nter:keywords xml:lang="en-US">test course </nter:keywords>

            <nter:requirement nter:requirementType="browser" xml:lang="en-US">IE 6+</nter:requirement>
            <nter:requirement nter:requirementType="browser" xml:lang="en-US">Firefox 4.0 beta</nter:requirement>

            <nter:related
                nter:relationship="prerequisite"
                nter:relatedEntryId="tag:nwtp.gov,2010-01-01:/courses/TEST-course-error-entry1-80da344efa6a"
            />
        </nter:course>
    </entry>

     <!-- Student Record entry-->
    <entry nter:entryType="course-record">
        <title/>
        <id>tag:nwtp.gov,2011-02-02:/records/TEST-courserecord-error-entry-1-C97D87AF8AA2</id>
        <updated>2011-02-02T13:30:02Z</updated>
        <content/>
        <nter:courseRecord
            nter:studentUserId="test@nter.com"
            nter:courseId="tag:nwtp.gov,2010-01-01:/courses/TEST-course-error-entry1-80da344efa6a"
            nter:progress="In Progress"
        />
    </entry>

</feed>

